2015/03/02 11:20:48 INFO  IDC_WEB.HttpService  - CBOT-Start
2015/03/02 11:20:48 INFO  IDC_WEB.HttpService  - A-Start
2015/03/02 11:20:48 INFO  IDC_WEB.HttpService  - COMEX-Start
2015/03/02 11:20:48 INFO  IDC_WEB.HttpService  - CCFX-Start
2015/03/02 11:20:48 INFO  IDC_WEB.HttpService  - HK-Start
2015/03/02 11:20:48 INFO  IDC_WEB.HttpService  - LME-Start
2015/03/02 11:20:48 INFO  IDC_WEB.HttpService  - N-Start
2015/03/02 11:20:48 INFO  IDC_WEB.HttpService  - NYMEX-Start
2015/03/02 11:20:48 INFO  IDC_WEB.HttpService  - O-Start
2015/03/02 11:20:48 INFO  IDC_WEB.HttpService  - SS-Start
2015/03/02 11:20:48 INFO  IDC_WEB.HttpService  - SZ-Start
2015/03/02 11:20:48 INFO  IDC_WEB.HttpService  - XDCE-Start
2015/03/02 11:20:48 INFO  IDC_WEB.HttpService  - XZCE-Start
2015/03/02 11:20:48 INFO  IDC_WEB.HttpService  - XSGE-Start
2015/03/02 11:20:48 INFO  IDC_WEB.HttpService  - LME-End；耗时:138；剩余线程数：13
2015/03/02 11:20:48 INFO  IDC_WEB.HttpService  - CBOT-End；耗时:160；剩余线程数：12
2015/03/02 11:20:48 INFO  IDC_WEB.HttpService  - COMEX-End；耗时:179；剩余线程数：11
2015/03/02 11:20:49 INFO  IDC_WEB.HttpService  - NYMEX-End；耗时:432；剩余线程数：10
2015/03/02 11:20:58 INFO  IDC_WEB.HttpService  - 后台数据刷新时间：10000
2015/03/02 11:20:58 INFO  IDC_WEB.HttpService  - CBOT-Start
2015/03/02 11:20:58 INFO  IDC_WEB.HttpService  - COMEX-Start
2015/03/02 11:20:58 INFO  IDC_WEB.HttpService  - NYMEX-Start
2015/03/02 11:20:58 INFO  IDC_WEB.HttpService  - LME-Start
2015/03/02 11:20:58 ERROR IDC_WEB.HttpService  - System.Net.WebException: 远程服务器返回错误: (504) 网关超时。
   在 System.Net.HttpWebRequest.GetResponse()
   在 IDC_WEB.HttpService.InitializeJson(String url) 位置 C:\CarlSnow\Project\IDC_WEB\IDC_WEB\Service\HttpService.cs:行号 172
2015/03/02 11:20:58 ERROR IDC_WEB.HttpService  - System.NullReferenceException: 未将对象引用设置到对象的实例。
   在 IDC_WEB.HttpService.InitializeBaseRealInfoTask(SingleBaseDataObject sinleBaseDataObj) 位置 C:\CarlSnow\Project\IDC_WEB\IDC_WEB\Service\HttpService.cs:行号 316
2015/03/02 11:20:59 ERROR IDC_WEB.HttpService  - System.Net.WebException: 远程服务器返回错误: (504) 网关超时。
   在 System.Net.HttpWebRequest.GetResponse()
   在 IDC_WEB.HttpService.InitializeJson(String url) 位置 C:\CarlSnow\Project\IDC_WEB\IDC_WEB\Service\HttpService.cs:行号 172
2015/03/02 11:20:59 ERROR IDC_WEB.HttpService  - System.NullReferenceException: 未将对象引用设置到对象的实例。
   在 IDC_WEB.HttpService.InitializeBaseRealInfoTask(SingleBaseDataObject sinleBaseDataObj) 位置 C:\CarlSnow\Project\IDC_WEB\IDC_WEB\Service\HttpService.cs:行号 316
2015/03/02 11:21:00 ERROR IDC_WEB.HttpService  - System.Net.WebException: 远程服务器返回错误: (504) 网关超时。
   在 System.Net.HttpWebRequest.GetResponse()
   在 IDC_WEB.HttpService.InitializeJson(String url) 位置 C:\CarlSnow\Project\IDC_WEB\IDC_WEB\Service\HttpService.cs:行号 172
2015/03/02 11:21:00 ERROR IDC_WEB.HttpService  - System.NullReferenceException: 未将对象引用设置到对象的实例。
   在 IDC_WEB.HttpService.InitializeBaseRealInfoTask(SingleBaseDataObject sinleBaseDataObj) 位置 C:\CarlSnow\Project\IDC_WEB\IDC_WEB\Service\HttpService.cs:行号 316
2015/03/02 11:21:01 ERROR IDC_WEB.HttpService  - System.Net.WebException: 远程服务器返回错误: (504) 网关超时。
   在 System.Net.HttpWebRequest.GetResponse()
   在 IDC_WEB.HttpService.InitializeJson(String url) 位置 C:\CarlSnow\Project\IDC_WEB\IDC_WEB\Service\HttpService.cs:行号 172
2015/03/02 11:21:01 ERROR IDC_WEB.HttpService  - System.NullReferenceException: 未将对象引用设置到对象的实例。
   在 IDC_WEB.HttpService.InitializeBaseRealInfoTask(SingleBaseDataObject sinleBaseDataObj) 位置 C:\CarlSnow\Project\IDC_WEB\IDC_WEB\Service\HttpService.cs:行号 316
2015/03/02 11:21:02 ERROR IDC_WEB.HttpService  - System.Net.WebException: 远程服务器返回错误: (504) 网关超时。
   在 System.Net.HttpWebRequest.GetResponse()
   在 IDC_WEB.HttpService.InitializeJson(String url) 位置 C:\CarlSnow\Project\IDC_WEB\IDC_WEB\Service\HttpService.cs:行号 172
2015/03/02 11:21:02 ERROR IDC_WEB.HttpService  - System.NullReferenceException: 未将对象引用设置到对象的实例。
   在 IDC_WEB.HttpService.InitializeBaseRealInfoTask(SingleBaseDataObject sinleBaseDataObj) 位置 C:\CarlSnow\Project\IDC_WEB\IDC_WEB\Service\HttpService.cs:行号 316
2015/03/02 11:21:03 ERROR IDC_WEB.HttpService  - System.Net.WebException: 远程服务器返回错误: (504) 网关超时。
   在 System.Net.HttpWebRequest.GetResponse()
   在 IDC_WEB.HttpService.InitializeJson(String url) 位置 C:\CarlSnow\Project\IDC_WEB\IDC_WEB\Service\HttpService.cs:行号 172
2015/03/02 11:21:03 ERROR IDC_WEB.HttpService  - System.NullReferenceException: 未将对象引用设置到对象的实例。
   在 IDC_WEB.HttpService.InitializeBaseRealInfoTask(SingleBaseDataObject sinleBaseDataObj) 位置 C:\CarlSnow\Project\IDC_WEB\IDC_WEB\Service\HttpService.cs:行号 316
2015/03/02 11:21:04 ERROR IDC_WEB.HttpService  - System.Net.WebException: 远程服务器返回错误: (504) 网关超时。
   在 System.Net.HttpWebRequest.GetResponse()
   在 IDC_WEB.HttpService.InitializeJson(String url) 位置 C:\CarlSnow\Project\IDC_WEB\IDC_WEB\Service\HttpService.cs:行号 172
2015/03/02 11:21:04 ERROR IDC_WEB.HttpService  - System.NullReferenceException: 未将对象引用设置到对象的实例。
   在 IDC_WEB.HttpService.InitializeBaseRealInfoTask(SingleBaseDataObject sinleBaseDataObj) 位置 C:\CarlSnow\Project\IDC_WEB\IDC_WEB\Service\HttpService.cs:行号 316
2015/03/02 11:21:05 ERROR IDC_WEB.HttpService  - System.Net.WebException: 远程服务器返回错误: (504) 网关超时。
   在 System.Net.HttpWebRequest.GetResponse()
   在 IDC_WEB.HttpService.InitializeJson(String url) 位置 C:\CarlSnow\Project\IDC_WEB\IDC_WEB\Service\HttpService.cs:行号 172
2015/03/02 11:21:05 ERROR IDC_WEB.HttpService  - System.NullReferenceException: 未将对象引用设置到对象的实例。
   在 IDC_WEB.HttpService.InitializeBaseRealInfoTask(SingleBaseDataObject sinleBaseDataObj) 位置 C:\CarlSnow\Project\IDC_WEB\IDC_WEB\Service\HttpService.cs:行号 316
2015/03/02 11:21:05 ERROR IDC_WEB.HttpService  - System.Net.WebException: 远程服务器返回错误: (504) 网关超时。
   在 System.Net.HttpWebRequest.GetResponse()
   在 IDC_WEB.HttpService.InitializeJson(String url) 位置 C:\CarlSnow\Project\IDC_WEB\IDC_WEB\Service\HttpService.cs:行号 172
2015/03/02 11:21:05 ERROR IDC_WEB.HttpService  - System.NullReferenceException: 未将对象引用设置到对象的实例。
   在 IDC_WEB.HttpService.InitializeBaseRealInfoTask(SingleBaseDataObject sinleBaseDataObj) 位置 C:\CarlSnow\Project\IDC_WEB\IDC_WEB\Service\HttpService.cs:行号 316
2015/03/02 11:21:06 ERROR IDC_WEB.HttpService  - System.Net.WebException: 远程服务器返回错误: (504) 网关超时。
   在 System.Net.HttpWebRequest.GetResponse()
   在 IDC_WEB.HttpService.InitializeJson(String url) 位置 C:\CarlSnow\Project\IDC_WEB\IDC_WEB\Service\HttpService.cs:行号 172
2015/03/02 11:21:06 ERROR IDC_WEB.HttpService  - System.NullReferenceException: 未将对象引用设置到对象的实例。
   在 IDC_WEB.HttpService.InitializeBaseRealInfoTask(SingleBaseDataObject sinleBaseDataObj) 位置 C:\CarlSnow\Project\IDC_WEB\IDC_WEB\Service\HttpService.cs:行号 316
2015/03/02 11:21:07 ERROR IDC_WEB.HttpService  - System.Net.WebException: 远程服务器返回错误: (504) 网关超时。
   在 System.Net.HttpWebRequest.GetResponse()
   在 IDC_WEB.HttpService.InitializeJson(String url) 位置 C:\CarlSnow\Project\IDC_WEB\IDC_WEB\Service\HttpService.cs:行号 172
2015/03/02 11:21:07 ERROR IDC_WEB.HttpService  - System.NullReferenceException: 未将对象引用设置到对象的实例。
   在 IDC_WEB.HttpService.InitializeBaseRealInfoTask(SingleBaseDataObject sinleBaseDataObj) 位置 C:\CarlSnow\Project\IDC_WEB\IDC_WEB\Service\HttpService.cs:行号 316
2015/03/02 11:21:08 INFO  IDC_WEB.HttpService  - 后台数据刷新时间：10014
2015/03/02 11:21:08 ERROR IDC_WEB.HttpService  - System.Net.WebException: 远程服务器返回错误: (504) 网关超时。
   在 System.Net.HttpWebRequest.GetResponse()
   在 IDC_WEB.HttpService.InitializeJson(String url) 位置 C:\CarlSnow\Project\IDC_WEB\IDC_WEB\Service\HttpService.cs:行号 172
2015/03/02 11:21:08 ERROR IDC_WEB.HttpService  - System.Net.WebException: 远程服务器返回错误: (504) 网关超时。
   在 System.Net.HttpWebRequest.GetResponse()
   在 IDC_WEB.HttpService.InitializeJson(String url) 位置 C:\CarlSnow\Project\IDC_WEB\IDC_WEB\Service\HttpService.cs:行号 172
2015/03/02 11:21:08 ERROR IDC_WEB.HttpService  - System.NullReferenceException: 未将对象引用设置到对象的实例。
   在 IDC_WEB.HttpService.InitializeBaseRealInfoTask(SingleBaseDataObject sinleBaseDataObj) 位置 C:\CarlSnow\Project\IDC_WEB\IDC_WEB\Service\HttpService.cs:行号 316
2015/03/02 11:21:08 ERROR IDC_WEB.HttpService  - System.NullReferenceException: 未将对象引用设置到对象的实例。
   在 IDC_WEB.HttpService.InitializeBaseRealInfoTask(SingleBaseDataObject sinleBaseDataObj) 位置 C:\CarlSnow\Project\IDC_WEB\IDC_WEB\Service\HttpService.cs:行号 316
2015/03/02 11:21:09 ERROR IDC_WEB.HttpService  - System.Net.WebException: 远程服务器返回错误: (504) 网关超时。
   在 System.Net.HttpWebRequest.GetResponse()
   在 IDC_WEB.HttpService.InitializeJson(String url) 位置 C:\CarlSnow\Project\IDC_WEB\IDC_WEB\Service\HttpService.cs:行号 172
2015/03/02 11:21:09 ERROR IDC_WEB.HttpService  - System.NullReferenceException: 未将对象引用设置到对象的实例。
   在 IDC_WEB.HttpService.InitializeBaseRealInfoTask(SingleBaseDataObject sinleBaseDataObj) 位置 C:\CarlSnow\Project\IDC_WEB\IDC_WEB\Service\HttpService.cs:行号 316
2015/03/02 11:21:09 ERROR IDC_WEB.HttpService  - System.Net.WebException: 远程服务器返回错误: (504) 网关超时。
   在 System.Net.HttpWebRequest.GetResponse()
   在 IDC_WEB.HttpService.InitializeJson(String url) 位置 C:\CarlSnow\Project\IDC_WEB\IDC_WEB\Service\HttpService.cs:行号 172
2015/03/02 11:21:09 ERROR IDC_WEB.HttpService  - System.NullReferenceException: 未将对象引用设置到对象的实例。
   在 IDC_WEB.HttpService.InitializeBaseRealInfoTask(SingleBaseDataObject sinleBaseDataObj) 位置 C:\CarlSnow\Project\IDC_WEB\IDC_WEB\Service\HttpService.cs:行号 316
2015/03/02 11:21:10 ERROR IDC_WEB.HttpService  - System.Net.WebException: 远程服务器返回错误: (504) 网关超时。
   在 System.Net.HttpWebRequest.GetResponse()
   在 IDC_WEB.HttpService.InitializeJson(String url) 位置 C:\CarlSnow\Project\IDC_WEB\IDC_WEB\Service\HttpService.cs:行号 172
2015/03/02 11:21:10 ERROR IDC_WEB.HttpService  - System.NullReferenceException: 未将对象引用设置到对象的实例。
   在 IDC_WEB.HttpService.InitializeBaseRealInfoTask(SingleBaseDataObject sinleBaseDataObj) 位置 C:\CarlSnow\Project\IDC_WEB\IDC_WEB\Service\HttpService.cs:行号 316
2015/03/02 11:21:10 INFO  IDC_WEB.HttpService  - CCFX-End；耗时:21508；剩余线程数：13
2015/03/02 11:21:11 ERROR IDC_WEB.HttpService  - System.Net.WebException: 远程服务器返回错误: (504) 网关超时。
   在 System.Net.HttpWebRequest.GetResponse()
   在 IDC_WEB.HttpService.InitializeJson(String url) 位置 C:\CarlSnow\Project\IDC_WEB\IDC_WEB\Service\HttpService.cs:行号 172
2015/03/02 11:21:11 ERROR IDC_WEB.HttpService  - System.NullReferenceException: 未将对象引用设置到对象的实例。
   在 IDC_WEB.HttpService.InitializeBaseRealInfoTask(SingleBaseDataObject sinleBaseDataObj) 位置 C:\CarlSnow\Project\IDC_WEB\IDC_WEB\Service\HttpService.cs:行号 316
2015/03/02 11:21:11 ERROR IDC_WEB.HttpService  - System.Net.WebException: 远程服务器返回错误: (504) 网关超时。
   在 System.Net.HttpWebRequest.GetResponse()
   在 IDC_WEB.HttpService.InitializeJson(String url) 位置 C:\CarlSnow\Project\IDC_WEB\IDC_WEB\Service\HttpService.cs:行号 172
2015/03/02 11:21:11 ERROR IDC_WEB.HttpService  - System.NullReferenceException: 未将对象引用设置到对象的实例。
   在 IDC_WEB.HttpService.InitializeBaseRealInfoTask(SingleBaseDataObject sinleBaseDataObj) 位置 C:\CarlSnow\Project\IDC_WEB\IDC_WEB\Service\HttpService.cs:行号 316
2015/03/02 11:21:12 ERROR IDC_WEB.HttpService  - System.Net.WebException: 远程服务器返回错误: (504) 网关超时。
   在 System.Net.HttpWebRequest.GetResponse()
   在 IDC_WEB.HttpService.InitializeJson(String url) 位置 C:\CarlSnow\Project\IDC_WEB\IDC_WEB\Service\HttpService.cs:行号 172
2015/03/02 11:21:12 ERROR IDC_WEB.HttpService  - System.NullReferenceException: 未将对象引用设置到对象的实例。
   在 IDC_WEB.HttpService.InitializeBaseRealInfoTask(SingleBaseDataObject sinleBaseDataObj) 位置 C:\CarlSnow\Project\IDC_WEB\IDC_WEB\Service\HttpService.cs:行号 316
2015/03/02 11:21:13 ERROR IDC_WEB.HttpService  - System.Net.WebException: 远程服务器返回错误: (504) 网关超时。
   在 System.Net.HttpWebRequest.GetResponse()
   在 IDC_WEB.HttpService.InitializeJson(String url) 位置 C:\CarlSnow\Project\IDC_WEB\IDC_WEB\Service\HttpService.cs:行号 172
2015/03/02 11:21:13 ERROR IDC_WEB.HttpService  - System.NullReferenceException: 未将对象引用设置到对象的实例。
   在 IDC_WEB.HttpService.InitializeBaseRealInfoTask(SingleBaseDataObject sinleBaseDataObj) 位置 C:\CarlSnow\Project\IDC_WEB\IDC_WEB\Service\HttpService.cs:行号 316
2015/03/02 11:21:14 ERROR IDC_WEB.HttpService  - System.Net.WebException: 远程服务器返回错误: (504) 网关超时。
   在 System.Net.HttpWebRequest.GetResponse()
   在 IDC_WEB.HttpService.InitializeJson(String url) 位置 C:\CarlSnow\Project\IDC_WEB\IDC_WEB\Service\HttpService.cs:行号 172
2015/03/02 11:21:14 ERROR IDC_WEB.HttpService  - System.NullReferenceException: 未将对象引用设置到对象的实例。
   在 IDC_WEB.HttpService.InitializeBaseRealInfoTask(SingleBaseDataObject sinleBaseDataObj) 位置 C:\CarlSnow\Project\IDC_WEB\IDC_WEB\Service\HttpService.cs:行号 316
2015/03/02 11:21:15 ERROR IDC_WEB.HttpService  - System.Net.WebException: 远程服务器返回错误: (504) 网关超时。
   在 System.Net.HttpWebRequest.GetResponse()
   在 IDC_WEB.HttpService.InitializeJson(String url) 位置 C:\CarlSnow\Project\IDC_WEB\IDC_WEB\Service\HttpService.cs:行号 172
2015/03/02 11:21:15 ERROR IDC_WEB.HttpService  - System.NullReferenceException: 未将对象引用设置到对象的实例。
   在 IDC_WEB.HttpService.InitializeBaseRealInfoTask(SingleBaseDataObject sinleBaseDataObj) 位置 C:\CarlSnow\Project\IDC_WEB\IDC_WEB\Service\HttpService.cs:行号 316
2015/03/02 11:21:15 ERROR IDC_WEB.HttpService  - System.Net.WebException: 远程服务器返回错误: (504) 网关超时。
   在 System.Net.HttpWebRequest.GetResponse()
   在 IDC_WEB.HttpService.InitializeJson(String url) 位置 C:\CarlSnow\Project\IDC_WEB\IDC_WEB\Service\HttpService.cs:行号 172
2015/03/02 11:21:15 ERROR IDC_WEB.HttpService  - System.NullReferenceException: 未将对象引用设置到对象的实例。
   在 IDC_WEB.HttpService.InitializeBaseRealInfoTask(SingleBaseDataObject sinleBaseDataObj) 位置 C:\CarlSnow\Project\IDC_WEB\IDC_WEB\Service\HttpService.cs:行号 316
2015/03/02 11:21:16 ERROR IDC_WEB.HttpService  - System.Net.WebException: 远程服务器返回错误: (504) 网关超时。
   在 System.Net.HttpWebRequest.GetResponse()
   在 IDC_WEB.HttpService.InitializeJson(String url) 位置 C:\CarlSnow\Project\IDC_WEB\IDC_WEB\Service\HttpService.cs:行号 172
2015/03/02 11:21:16 ERROR IDC_WEB.HttpService  - System.NullReferenceException: 未将对象引用设置到对象的实例。
   在 IDC_WEB.HttpService.InitializeBaseRealInfoTask(SingleBaseDataObject sinleBaseDataObj) 位置 C:\CarlSnow\Project\IDC_WEB\IDC_WEB\Service\HttpService.cs:行号 316
2015/03/02 11:21:16 ERROR IDC_WEB.HttpService  - System.Net.WebException: 远程服务器返回错误: (504) 网关超时。
   在 System.Net.HttpWebRequest.GetResponse()
   在 IDC_WEB.HttpService.InitializeJson(String url) 位置 C:\CarlSnow\Project\IDC_WEB\IDC_WEB\Service\HttpService.cs:行号 172
2015/03/02 11:21:16 ERROR IDC_WEB.HttpService  - System.NullReferenceException: 未将对象引用设置到对象的实例。
   在 IDC_WEB.HttpService.InitializeBaseRealInfoTask(SingleBaseDataObject sinleBaseDataObj) 位置 C:\CarlSnow\Project\IDC_WEB\IDC_WEB\Service\HttpService.cs:行号 316
2015/03/02 11:21:17 ERROR IDC_WEB.HttpService  - System.Net.WebException: 远程服务器返回错误: (504) 网关超时。
   在 System.Net.HttpWebRequest.GetResponse()
   在 IDC_WEB.HttpService.InitializeJson(String url) 位置 C:\CarlSnow\Project\IDC_WEB\IDC_WEB\Service\HttpService.cs:行号 172
2015/03/02 11:21:17 ERROR IDC_WEB.HttpService  - System.NullReferenceException: 未将对象引用设置到对象的实例。
   在 IDC_WEB.HttpService.InitializeBaseRealInfoTask(SingleBaseDataObject sinleBaseDataObj) 位置 C:\CarlSnow\Project\IDC_WEB\IDC_WEB\Service\HttpService.cs:行号 316
2015/03/02 11:21:17 ERROR IDC_WEB.HttpService  - System.Net.WebException: 远程服务器返回错误: (504) 网关超时。
   在 System.Net.HttpWebRequest.GetResponse()
   在 IDC_WEB.HttpService.InitializeJson(String url) 位置 C:\CarlSnow\Project\IDC_WEB\IDC_WEB\Service\HttpService.cs:行号 172
2015/03/02 11:21:17 ERROR IDC_WEB.HttpService  - System.NullReferenceException: 未将对象引用设置到对象的实例。
   在 IDC_WEB.HttpService.InitializeBaseRealInfoTask(SingleBaseDataObject sinleBaseDataObj) 位置 C:\CarlSnow\Project\IDC_WEB\IDC_WEB\Service\HttpService.cs:行号 316
2015/03/02 11:21:18 INFO  IDC_WEB.HttpService  - 后台数据刷新时间：10012
2015/03/02 11:21:18 INFO  IDC_WEB.HttpService  - CCFX-Start
2015/03/02 11:21:18 ERROR IDC_WEB.HttpService  - System.Net.WebException: 远程服务器返回错误: (504) 网关超时。
   在 System.Net.HttpWebRequest.GetResponse()
   在 IDC_WEB.HttpService.InitializeJson(String url) 位置 C:\CarlSnow\Project\IDC_WEB\IDC_WEB\Service\HttpService.cs:行号 172
2015/03/02 11:21:18 ERROR IDC_WEB.HttpService  - System.Net.WebException: 远程服务器返回错误: (504) 网关超时。
   在 System.Net.HttpWebRequest.GetResponse()
   在 IDC_WEB.HttpService.InitializeJson(String url) 位置 C:\CarlSnow\Project\IDC_WEB\IDC_WEB\Service\HttpService.cs:行号 172
2015/03/02 11:21:18 ERROR IDC_WEB.HttpService  - System.NullReferenceException: 未将对象引用设置到对象的实例。
   在 IDC_WEB.HttpService.InitializeBaseRealInfoTask(SingleBaseDataObject sinleBaseDataObj) 位置 C:\CarlSnow\Project\IDC_WEB\IDC_WEB\Service\HttpService.cs:行号 316
2015/03/02 11:21:18 ERROR IDC_WEB.HttpService  - System.Net.WebException: 远程服务器返回错误: (504) 网关超时。
   在 System.Net.HttpWebRequest.GetResponse()
   在 IDC_WEB.HttpService.InitializeJson(String url) 位置 C:\CarlSnow\Project\IDC_WEB\IDC_WEB\Service\HttpService.cs:行号 172
2015/03/02 11:21:18 ERROR IDC_WEB.HttpService  - System.NullReferenceException: 未将对象引用设置到对象的实例。
   在 IDC_WEB.HttpService.InitializeBaseRealInfoTask(SingleBaseDataObject sinleBaseDataObj) 位置 C:\CarlSnow\Project\IDC_WEB\IDC_WEB\Service\HttpService.cs:行号 316
2015/03/02 11:21:18 INFO  IDC_WEB.HttpService  - CBOT-End；耗时:20241；剩余线程数：13
2015/03/02 11:21:18 ERROR IDC_WEB.HttpService  - System.NullReferenceException: 未将对象引用设置到对象的实例。
   在 IDC_WEB.HttpService.InitializeBaseRealInfoTask(SingleBaseDataObject sinleBaseDataObj) 位置 C:\CarlSnow\Project\IDC_WEB\IDC_WEB\Service\HttpService.cs:行号 316
2015/03/02 11:21:19 ERROR IDC_WEB.HttpService  - System.Net.WebException: 远程服务器返回错误: (504) 网关超时。
   在 System.Net.HttpWebRequest.GetResponse()
   在 IDC_WEB.HttpService.InitializeJson(String url) 位置 C:\CarlSnow\Project\IDC_WEB\IDC_WEB\Service\HttpService.cs:行号 172
2015/03/02 11:21:19 ERROR IDC_WEB.HttpService  - System.NullReferenceException: 未将对象引用设置到对象的实例。
   在 IDC_WEB.HttpService.InitializeBaseRealInfoTask(SingleBaseDataObject sinleBaseDataObj) 位置 C:\CarlSnow\Project\IDC_WEB\IDC_WEB\Service\HttpService.cs:行号 316
2015/03/02 11:21:19 INFO  IDC_WEB.HttpService  - COMEX-End；耗时:20617；剩余线程数：12
2015/03/02 11:21:19 ERROR IDC_WEB.HttpService  - System.Net.WebException: 远程服务器返回错误: (504) 网关超时。
   在 System.Net.HttpWebRequest.GetResponse()
   在 IDC_WEB.HttpService.InitializeJson(String url) 位置 C:\CarlSnow\Project\IDC_WEB\IDC_WEB\Service\HttpService.cs:行号 172
2015/03/02 11:21:19 ERROR IDC_WEB.HttpService  - System.Net.WebException: 远程服务器返回错误: (504) 网关超时。
   在 System.Net.HttpWebRequest.GetResponse()
   在 IDC_WEB.HttpService.InitializeJson(String url) 位置 C:\CarlSnow\Project\IDC_WEB\IDC_WEB\Service\HttpService.cs:行号 172
2015/03/02 11:21:19 ERROR IDC_WEB.HttpService  - System.NullReferenceException: 未将对象引用设置到对象的实例。
   在 IDC_WEB.HttpService.InitializeBaseRealInfoTask(SingleBaseDataObject sinleBaseDataObj) 位置 C:\CarlSnow\Project\IDC_WEB\IDC_WEB\Service\HttpService.cs:行号 316
2015/03/02 11:21:19 INFO  IDC_WEB.HttpService  - NYMEX-End；耗时:21202；剩余线程数：11
2015/03/02 11:21:19 ERROR IDC_WEB.HttpService  - System.NullReferenceException: 未将对象引用设置到对象的实例。
   在 IDC_WEB.HttpService.InitializeBaseRealInfoTask(SingleBaseDataObject sinleBaseDataObj) 位置 C:\CarlSnow\Project\IDC_WEB\IDC_WEB\Service\HttpService.cs:行号 316
2015/03/02 11:21:19 INFO  IDC_WEB.HttpService  - LME-End；耗时:21227；剩余线程数：10
2015/03/02 11:21:20 ERROR IDC_WEB.HttpService  - System.Net.WebException: 远程服务器返回错误: (504) 网关超时。
   在 System.Net.HttpWebRequest.GetResponse()
   在 IDC_WEB.HttpService.InitializeJson(String url) 位置 C:\CarlSnow\Project\IDC_WEB\IDC_WEB\Service\HttpService.cs:行号 172
2015/03/02 11:21:20 ERROR IDC_WEB.HttpService  - System.NullReferenceException: 未将对象引用设置到对象的实例。
   在 IDC_WEB.HttpService.InitializeBaseRealInfoTask(SingleBaseDataObject sinleBaseDataObj) 位置 C:\CarlSnow\Project\IDC_WEB\IDC_WEB\Service\HttpService.cs:行号 316
2015/03/02 11:21:20 ERROR IDC_WEB.HttpService  - System.Net.WebException: 远程服务器返回错误: (504) 网关超时。
   在 System.Net.HttpWebRequest.GetResponse()
   在 IDC_WEB.HttpService.InitializeJson(String url) 位置 C:\CarlSnow\Project\IDC_WEB\IDC_WEB\Service\HttpService.cs:行号 172
2015/03/02 11:21:20 ERROR IDC_WEB.HttpService  - System.NullReferenceException: 未将对象引用设置到对象的实例。
   在 IDC_WEB.HttpService.InitializeBaseRealInfoTask(SingleBaseDataObject sinleBaseDataObj) 位置 C:\CarlSnow\Project\IDC_WEB\IDC_WEB\Service\HttpService.cs:行号 316
2015/03/02 11:21:21 ERROR IDC_WEB.HttpService  - System.Net.WebException: 远程服务器返回错误: (504) 网关超时。
   在 System.Net.HttpWebRequest.GetResponse()
   在 IDC_WEB.HttpService.InitializeJson(String url) 位置 C:\CarlSnow\Project\IDC_WEB\IDC_WEB\Service\HttpService.cs:行号 172
2015/03/02 11:21:21 ERROR IDC_WEB.HttpService  - System.NullReferenceException: 未将对象引用设置到对象的实例。
   在 IDC_WEB.HttpService.InitializeBaseRealInfoTask(SingleBaseDataObject sinleBaseDataObj) 位置 C:\CarlSnow\Project\IDC_WEB\IDC_WEB\Service\HttpService.cs:行号 316
2015/03/02 11:21:21 ERROR IDC_WEB.HttpService  - System.Net.WebException: 远程服务器返回错误: (504) 网关超时。
   在 System.Net.HttpWebRequest.GetResponse()
   在 IDC_WEB.HttpService.InitializeJson(String url) 位置 C:\CarlSnow\Project\IDC_WEB\IDC_WEB\Service\HttpService.cs:行号 172
2015/03/02 11:21:21 ERROR IDC_WEB.HttpService  - System.NullReferenceException: 未将对象引用设置到对象的实例。
   在 IDC_WEB.HttpService.InitializeBaseRealInfoTask(SingleBaseDataObject sinleBaseDataObj) 位置 C:\CarlSnow\Project\IDC_WEB\IDC_WEB\Service\HttpService.cs:行号 316
2015/03/02 11:21:21 ERROR IDC_WEB.HttpService  - System.Net.WebException: 远程服务器返回错误: (504) 网关超时。
   在 System.Net.HttpWebRequest.GetResponse()
   在 IDC_WEB.HttpService.InitializeJson(String url) 位置 C:\CarlSnow\Project\IDC_WEB\IDC_WEB\Service\HttpService.cs:行号 172
2015/03/02 11:21:21 ERROR IDC_WEB.HttpService  - System.NullReferenceException: 未将对象引用设置到对象的实例。
   在 IDC_WEB.HttpService.InitializeBaseRealInfoTask(SingleBaseDataObject sinleBaseDataObj) 位置 C:\CarlSnow\Project\IDC_WEB\IDC_WEB\Service\HttpService.cs:行号 316
2015/03/02 11:21:22 ERROR IDC_WEB.HttpService  - System.Net.WebException: 远程服务器返回错误: (504) 网关超时。
   在 System.Net.HttpWebRequest.GetResponse()
   在 IDC_WEB.HttpService.InitializeJson(String url) 位置 C:\CarlSnow\Project\IDC_WEB\IDC_WEB\Service\HttpService.cs:行号 172
2015/03/02 11:21:22 ERROR IDC_WEB.HttpService  - System.NullReferenceException: 未将对象引用设置到对象的实例。
   在 IDC_WEB.HttpService.InitializeBaseRealInfoTask(SingleBaseDataObject sinleBaseDataObj) 位置 C:\CarlSnow\Project\IDC_WEB\IDC_WEB\Service\HttpService.cs:行号 316
2015/03/02 11:21:23 ERROR IDC_WEB.HttpService  - System.Net.WebException: 远程服务器返回错误: (504) 网关超时。
   在 System.Net.HttpWebRequest.GetResponse()
   在 IDC_WEB.HttpService.InitializeJson(String url) 位置 C:\CarlSnow\Project\IDC_WEB\IDC_WEB\Service\HttpService.cs:行号 172
2015/03/02 11:21:23 ERROR IDC_WEB.HttpService  - System.NullReferenceException: 未将对象引用设置到对象的实例。
   在 IDC_WEB.HttpService.InitializeBaseRealInfoTask(SingleBaseDataObject sinleBaseDataObj) 位置 C:\CarlSnow\Project\IDC_WEB\IDC_WEB\Service\HttpService.cs:行号 316
2015/03/02 11:21:23 ERROR IDC_WEB.HttpService  - System.Net.WebException: 远程服务器返回错误: (504) 网关超时。
   在 System.Net.HttpWebRequest.GetResponse()
   在 IDC_WEB.HttpService.InitializeJson(String url) 位置 C:\CarlSnow\Project\IDC_WEB\IDC_WEB\Service\HttpService.cs:行号 172
2015/03/02 11:21:23 ERROR IDC_WEB.HttpService  - System.NullReferenceException: 未将对象引用设置到对象的实例。
   在 IDC_WEB.HttpService.InitializeBaseRealInfoTask(SingleBaseDataObject sinleBaseDataObj) 位置 C:\CarlSnow\Project\IDC_WEB\IDC_WEB\Service\HttpService.cs:行号 316
2015/03/02 11:21:24 ERROR IDC_WEB.HttpService  - System.Net.WebException: 远程服务器返回错误: (504) 网关超时。
   在 System.Net.HttpWebRequest.GetResponse()
   在 IDC_WEB.HttpService.InitializeJson(String url) 位置 C:\CarlSnow\Project\IDC_WEB\IDC_WEB\Service\HttpService.cs:行号 172
2015/03/02 11:21:24 ERROR IDC_WEB.HttpService  - System.NullReferenceException: 未将对象引用设置到对象的实例。
   在 IDC_WEB.HttpService.InitializeBaseRealInfoTask(SingleBaseDataObject sinleBaseDataObj) 位置 C:\CarlSnow\Project\IDC_WEB\IDC_WEB\Service\HttpService.cs:行号 316
2015/03/02 11:21:24 ERROR IDC_WEB.HttpService  - System.Net.WebException: 远程服务器返回错误: (504) 网关超时。
   在 System.Net.HttpWebRequest.GetResponse()
   在 IDC_WEB.HttpService.InitializeJson(String url) 位置 C:\CarlSnow\Project\IDC_WEB\IDC_WEB\Service\HttpService.cs:行号 172
2015/03/02 11:21:24 ERROR IDC_WEB.HttpService  - System.NullReferenceException: 未将对象引用设置到对象的实例。
   在 IDC_WEB.HttpService.InitializeBaseRealInfoTask(SingleBaseDataObject sinleBaseDataObj) 位置 C:\CarlSnow\Project\IDC_WEB\IDC_WEB\Service\HttpService.cs:行号 316
2015/03/02 11:21:24 INFO  IDC_WEB.HttpService  - XSGE-End；耗时:36051；剩余线程数：9
2015/03/02 11:21:25 ERROR IDC_WEB.HttpService  - System.Net.WebException: 远程服务器返回错误: (504) 网关超时。
   在 System.Net.HttpWebRequest.GetResponse()
   在 IDC_WEB.HttpService.InitializeJson(String url) 位置 C:\CarlSnow\Project\IDC_WEB\IDC_WEB\Service\HttpService.cs:行号 172
2015/03/02 11:21:25 ERROR IDC_WEB.HttpService  - System.NullReferenceException: 未将对象引用设置到对象的实例。
   在 IDC_WEB.HttpService.InitializeBaseRealInfoTask(SingleBaseDataObject sinleBaseDataObj) 位置 C:\CarlSnow\Project\IDC_WEB\IDC_WEB\Service\HttpService.cs:行号 316
2015/03/02 11:21:25 ERROR IDC_WEB.HttpService  - System.Net.WebException: 远程服务器返回错误: (504) 网关超时。
   在 System.Net.HttpWebRequest.GetResponse()
   在 IDC_WEB.HttpService.InitializeJson(String url) 位置 C:\CarlSnow\Project\IDC_WEB\IDC_WEB\Service\HttpService.cs:行号 172
2015/03/02 11:21:26 ERROR IDC_WEB.HttpService  - System.NullReferenceException: 未将对象引用设置到对象的实例。
   在 IDC_WEB.HttpService.InitializeBaseRealInfoTask(SingleBaseDataObject sinleBaseDataObj) 位置 C:\CarlSnow\Project\IDC_WEB\IDC_WEB\Service\HttpService.cs:行号 316
2015/03/02 11:21:28 ERROR IDC_WEB.HttpService  - System.Net.WebException: 远程服务器返回错误: (504) 网关超时。
   在 System.Net.HttpWebRequest.GetResponse()
   在 IDC_WEB.HttpService.InitializeJson(String url) 位置 C:\CarlSnow\Project\IDC_WEB\IDC_WEB\Service\HttpService.cs:行号 172
2015/03/02 11:21:28 ERROR IDC_WEB.HttpService  - System.NullReferenceException: 未将对象引用设置到对象的实例。
   在 IDC_WEB.HttpService.InitializeBaseRealInfoTask(SingleBaseDataObject sinleBaseDataObj) 位置 C:\CarlSnow\Project\IDC_WEB\IDC_WEB\Service\HttpService.cs:行号 316
2015/03/02 11:21:28 INFO  IDC_WEB.HttpService  - 后台数据刷新时间：10000
2015/03/02 11:21:28 INFO  IDC_WEB.HttpService  - CBOT-Start
2015/03/02 11:21:28 INFO  IDC_WEB.HttpService  - XSGE-Start
2015/03/02 11:21:28 INFO  IDC_WEB.HttpService  - COMEX-Start
2015/03/02 11:21:28 INFO  IDC_WEB.HttpService  - NYMEX-Start
2015/03/02 11:21:28 INFO  IDC_WEB.HttpService  - LME-Start
2015/03/02 11:21:28 ERROR IDC_WEB.HttpService  - System.Net.WebException: 远程服务器返回错误: (504) 网关超时。
   在 System.Net.HttpWebRequest.GetResponse()
   在 IDC_WEB.HttpService.InitializeJson(String url) 位置 C:\CarlSnow\Project\IDC_WEB\IDC_WEB\Service\HttpService.cs:行号 172
2015/03/02 11:21:28 ERROR IDC_WEB.HttpService  - System.NullReferenceException: 未将对象引用设置到对象的实例。
   在 IDC_WEB.HttpService.InitializeBaseRealInfoTask(SingleBaseDataObject sinleBaseDataObj) 位置 C:\CarlSnow\Project\IDC_WEB\IDC_WEB\Service\HttpService.cs:行号 316
2015/03/02 11:21:31 ERROR IDC_WEB.HttpService  - System.Net.WebException: 远程服务器返回错误: (504) 网关超时。
   在 System.Net.HttpWebRequest.GetResponse()
   在 IDC_WEB.HttpService.InitializeJson(String url) 位置 C:\CarlSnow\Project\IDC_WEB\IDC_WEB\Service\HttpService.cs:行号 172
2015/03/02 11:21:31 ERROR IDC_WEB.HttpService  - System.Net.WebException: 远程服务器返回错误: (504) 网关超时。
   在 System.Net.HttpWebRequest.GetResponse()
   在 IDC_WEB.HttpService.InitializeJson(String url) 位置 C:\CarlSnow\Project\IDC_WEB\IDC_WEB\Service\HttpService.cs:行号 172
2015/03/02 11:21:31 ERROR IDC_WEB.HttpService  - System.Net.WebException: 远程服务器返回错误: (504) 网关超时。
   在 System.Net.HttpWebRequest.GetResponse()
   在 IDC_WEB.HttpService.InitializeJson(String url) 位置 C:\CarlSnow\Project\IDC_WEB\IDC_WEB\Service\HttpService.cs:行号 172
2015/03/02 11:21:31 ERROR IDC_WEB.HttpService  - System.Net.WebException: 远程服务器返回错误: (504) 网关超时。
   在 System.Net.HttpWebRequest.GetResponse()
   在 IDC_WEB.HttpService.InitializeJson(String url) 位置 C:\CarlSnow\Project\IDC_WEB\IDC_WEB\Service\HttpService.cs:行号 172
2015/03/02 11:21:31 ERROR IDC_WEB.HttpService  - System.Net.WebException: 远程服务器返回错误: (504) 网关超时。
   在 System.Net.HttpWebRequest.GetResponse()
   在 IDC_WEB.HttpService.InitializeJson(String url) 位置 C:\CarlSnow\Project\IDC_WEB\IDC_WEB\Service\HttpService.cs:行号 172
2015/03/02 11:21:31 ERROR IDC_WEB.HttpService  - System.Net.WebException: 远程服务器返回错误: (504) 网关超时。
   在 System.Net.HttpWebRequest.GetResponse()
   在 IDC_WEB.HttpService.InitializeJson(String url) 位置 C:\CarlSnow\Project\IDC_WEB\IDC_WEB\Service\HttpService.cs:行号 172
2015/03/02 11:21:31 ERROR IDC_WEB.HttpService  - System.Net.WebException: 远程服务器返回错误: (504) 网关超时。
   在 System.Net.HttpWebRequest.GetResponse()
   在 IDC_WEB.HttpService.InitializeJson(String url) 位置 C:\CarlSnow\Project\IDC_WEB\IDC_WEB\Service\HttpService.cs:行号 172
2015/03/02 11:21:31 ERROR IDC_WEB.HttpService  - System.Net.WebException: 远程服务器返回错误: (504) 网关超时。
   在 System.Net.HttpWebRequest.GetResponse()
   在 IDC_WEB.HttpService.InitializeJson(String url) 位置 C:\CarlSnow\Project\IDC_WEB\IDC_WEB\Service\HttpService.cs:行号 172
2015/03/02 11:21:31 ERROR IDC_WEB.HttpService  - System.Net.WebException: 远程服务器返回错误: (504) 网关超时。
   在 System.Net.HttpWebRequest.GetResponse()
   在 IDC_WEB.HttpService.InitializeJson(String url) 位置 C:\CarlSnow\Project\IDC_WEB\IDC_WEB\Service\HttpService.cs:行号 172
2015/03/02 11:21:31 ERROR IDC_WEB.HttpService  - System.Net.WebException: 远程服务器返回错误: (504) 网关超时。
   在 System.Net.HttpWebRequest.GetResponse()
   在 IDC_WEB.HttpService.InitializeJson(String url) 位置 C:\CarlSnow\Project\IDC_WEB\IDC_WEB\Service\HttpService.cs:行号 172
2015/03/02 11:21:31 ERROR IDC_WEB.HttpService  - System.Net.WebException: 远程服务器返回错误: (504) 网关超时。
   在 System.Net.HttpWebRequest.GetResponse()
   在 IDC_WEB.HttpService.InitializeJson(String url) 位置 C:\CarlSnow\Project\IDC_WEB\IDC_WEB\Service\HttpService.cs:行号 172
2015/03/02 11:21:31 ERROR IDC_WEB.HttpService  - System.Net.WebException: 远程服务器返回错误: (504) 网关超时。
   在 System.Net.HttpWebRequest.GetResponse()
   在 IDC_WEB.HttpService.InitializeJson(String url) 位置 C:\CarlSnow\Project\IDC_WEB\IDC_WEB\Service\HttpService.cs:行号 172
2015/03/02 11:21:31 ERROR IDC_WEB.HttpService  - System.Net.WebException: 远程服务器返回错误: (504) 网关超时。
   在 System.Net.HttpWebRequest.GetResponse()
   在 IDC_WEB.HttpService.InitializeJson(String url) 位置 C:\CarlSnow\Project\IDC_WEB\IDC_WEB\Service\HttpService.cs:行号 172
2015/03/02 11:21:31 ERROR IDC_WEB.HttpService  - System.Net.WebException: 远程服务器返回错误: (504) 网关超时。
   在 System.Net.HttpWebRequest.GetResponse()
   在 IDC_WEB.HttpService.InitializeJson(String url) 位置 C:\CarlSnow\Project\IDC_WEB\IDC_WEB\Service\HttpService.cs:行号 172
2015/03/02 11:21:32 ERROR IDC_WEB.HttpService  - System.NullReferenceException: 未将对象引用设置到对象的实例。
   在 IDC_WEB.HttpService.InitializeBaseRealInfoTask(SingleBaseDataObject sinleBaseDataObj) 位置 C:\CarlSnow\Project\IDC_WEB\IDC_WEB\Service\HttpService.cs:行号 316
2015/03/02 11:21:32 ERROR IDC_WEB.HttpService  - System.NullReferenceException: 未将对象引用设置到对象的实例。
   在 IDC_WEB.HttpService.InitializeBaseRealInfoTask(SingleBaseDataObject sinleBaseDataObj) 位置 C:\CarlSnow\Project\IDC_WEB\IDC_WEB\Service\HttpService.cs:行号 316
2015/03/02 11:21:32 ERROR IDC_WEB.HttpService  - System.NullReferenceException: 未将对象引用设置到对象的实例。
   在 IDC_WEB.HttpService.InitializeBaseRealInfoTask(SingleBaseDataObject sinleBaseDataObj) 位置 C:\CarlSnow\Project\IDC_WEB\IDC_WEB\Service\HttpService.cs:行号 316
2015/03/02 11:21:32 ERROR IDC_WEB.HttpService  - System.NullReferenceException: 未将对象引用设置到对象的实例。
   在 IDC_WEB.HttpService.InitializeBaseRealInfoTask(SingleBaseDataObject sinleBaseDataObj) 位置 C:\CarlSnow\Project\IDC_WEB\IDC_WEB\Service\HttpService.cs:行号 316
2015/03/02 11:21:32 ERROR IDC_WEB.HttpService  - System.NullReferenceException: 未将对象引用设置到对象的实例。
   在 IDC_WEB.HttpService.InitializeBaseRealInfoTask(SingleBaseDataObject sinleBaseDataObj) 位置 C:\CarlSnow\Project\IDC_WEB\IDC_WEB\Service\HttpService.cs:行号 316
2015/03/02 11:21:32 ERROR IDC_WEB.HttpService  - System.NullReferenceException: 未将对象引用设置到对象的实例。
   在 IDC_WEB.HttpService.InitializeBaseRealInfoTask(SingleBaseDataObject sinleBaseDataObj) 位置 C:\CarlSnow\Project\IDC_WEB\IDC_WEB\Service\HttpService.cs:行号 316
2015/03/02 11:21:32 ERROR IDC_WEB.HttpService  - System.NullReferenceException: 未将对象引用设置到对象的实例。
   在 IDC_WEB.HttpService.InitializeBaseRealInfoTask(SingleBaseDataObject sinleBaseDataObj) 位置 C:\CarlSnow\Project\IDC_WEB\IDC_WEB\Service\HttpService.cs:行号 316
2015/03/02 11:21:32 ERROR IDC_WEB.HttpService  - System.NullReferenceException: 未将对象引用设置到对象的实例。
   在 IDC_WEB.HttpService.InitializeBaseRealInfoTask(SingleBaseDataObject sinleBaseDataObj) 位置 C:\CarlSnow\Project\IDC_WEB\IDC_WEB\Service\HttpService.cs:行号 316
2015/03/02 11:21:32 ERROR IDC_WEB.HttpService  - System.NullReferenceException: 未将对象引用设置到对象的实例。
   在 IDC_WEB.HttpService.InitializeBaseRealInfoTask(SingleBaseDataObject sinleBaseDataObj) 位置 C:\CarlSnow\Project\IDC_WEB\IDC_WEB\Service\HttpService.cs:行号 316
2015/03/02 11:21:32 ERROR IDC_WEB.HttpService  - System.NullReferenceException: 未将对象引用设置到对象的实例。
   在 IDC_WEB.HttpService.InitializeBaseRealInfoTask(SingleBaseDataObject sinleBaseDataObj) 位置 C:\CarlSnow\Project\IDC_WEB\IDC_WEB\Service\HttpService.cs:行号 316
2015/03/02 11:21:32 ERROR IDC_WEB.HttpService  - System.NullReferenceException: 未将对象引用设置到对象的实例。
   在 IDC_WEB.HttpService.InitializeBaseRealInfoTask(SingleBaseDataObject sinleBaseDataObj) 位置 C:\CarlSnow\Project\IDC_WEB\IDC_WEB\Service\HttpService.cs:行号 316
2015/03/02 11:21:32 ERROR IDC_WEB.HttpService  - System.NullReferenceException: 未将对象引用设置到对象的实例。
   在 IDC_WEB.HttpService.InitializeBaseRealInfoTask(SingleBaseDataObject sinleBaseDataObj) 位置 C:\CarlSnow\Project\IDC_WEB\IDC_WEB\Service\HttpService.cs:行号 316
2015/03/02 11:21:32 ERROR IDC_WEB.HttpService  - System.NullReferenceException: 未将对象引用设置到对象的实例。
   在 IDC_WEB.HttpService.InitializeBaseRealInfoTask(SingleBaseDataObject sinleBaseDataObj) 位置 C:\CarlSnow\Project\IDC_WEB\IDC_WEB\Service\HttpService.cs:行号 316
2015/03/02 11:21:32 ERROR IDC_WEB.HttpService  - System.NullReferenceException: 未将对象引用设置到对象的实例。
   在 IDC_WEB.HttpService.InitializeBaseRealInfoTask(SingleBaseDataObject sinleBaseDataObj) 位置 C:\CarlSnow\Project\IDC_WEB\IDC_WEB\Service\HttpService.cs:行号 316
2015/03/02 11:21:32 ERROR IDC_WEB.HttpService  - System.Net.WebException: 远程服务器返回错误: (504) 网关超时。
   在 System.Net.HttpWebRequest.GetResponse()
   在 IDC_WEB.HttpService.InitializeJson(String url) 位置 C:\CarlSnow\Project\IDC_WEB\IDC_WEB\Service\HttpService.cs:行号 172
2015/03/02 11:21:32 ERROR IDC_WEB.HttpService  - System.NullReferenceException: 未将对象引用设置到对象的实例。
   在 IDC_WEB.HttpService.InitializeBaseRealInfoTask(SingleBaseDataObject sinleBaseDataObj) 位置 C:\CarlSnow\Project\IDC_WEB\IDC_WEB\Service\HttpService.cs:行号 316
2015/03/02 11:21:33 ERROR IDC_WEB.HttpService  - System.Net.WebException: 远程服务器返回错误: (504) 网关超时。
   在 System.Net.HttpWebRequest.GetResponse()
   在 IDC_WEB.HttpService.InitializeJson(String url) 位置 C:\CarlSnow\Project\IDC_WEB\IDC_WEB\Service\HttpService.cs:行号 172
2015/03/02 11:21:33 ERROR IDC_WEB.HttpService  - System.Net.WebException: 远程服务器返回错误: (504) 网关超时。
   在 System.Net.HttpWebRequest.GetResponse()
   在 IDC_WEB.HttpService.InitializeJson(String url) 位置 C:\CarlSnow\Project\IDC_WEB\IDC_WEB\Service\HttpService.cs:行号 172
2015/03/02 11:21:33 ERROR IDC_WEB.HttpService  - System.NullReferenceException: 未将对象引用设置到对象的实例。
   在 IDC_WEB.HttpService.InitializeBaseRealInfoTask(SingleBaseDataObject sinleBaseDataObj) 位置 C:\CarlSnow\Project\IDC_WEB\IDC_WEB\Service\HttpService.cs:行号 316
2015/03/02 11:21:33 ERROR IDC_WEB.HttpService  - System.NullReferenceException: 未将对象引用设置到对象的实例。
   在 IDC_WEB.HttpService.InitializeBaseRealInfoTask(SingleBaseDataObject sinleBaseDataObj) 位置 C:\CarlSnow\Project\IDC_WEB\IDC_WEB\Service\HttpService.cs:行号 316
2015/03/02 11:21:33 ERROR IDC_WEB.HttpService  - System.Net.WebException: 远程服务器返回错误: (504) 网关超时。
   在 System.Net.HttpWebRequest.GetResponse()
   在 IDC_WEB.HttpService.InitializeJson(String url) 位置 C:\CarlSnow\Project\IDC_WEB\IDC_WEB\Service\HttpService.cs:行号 172
2015/03/02 11:21:33 ERROR IDC_WEB.HttpService  - System.NullReferenceException: 未将对象引用设置到对象的实例。
   在 IDC_WEB.HttpService.InitializeBaseRealInfoTask(SingleBaseDataObject sinleBaseDataObj) 位置 C:\CarlSnow\Project\IDC_WEB\IDC_WEB\Service\HttpService.cs:行号 316
2015/03/02 11:21:34 ERROR IDC_WEB.HttpService  - System.Net.WebException: 远程服务器返回错误: (504) 网关超时。
   在 System.Net.HttpWebRequest.GetResponse()
   在 IDC_WEB.HttpService.InitializeJson(String url) 位置 C:\CarlSnow\Project\IDC_WEB\IDC_WEB\Service\HttpService.cs:行号 172
2015/03/02 11:21:34 ERROR IDC_WEB.HttpService  - System.NullReferenceException: 未将对象引用设置到对象的实例。
   在 IDC_WEB.HttpService.InitializeBaseRealInfoTask(SingleBaseDataObject sinleBaseDataObj) 位置 C:\CarlSnow\Project\IDC_WEB\IDC_WEB\Service\HttpService.cs:行号 316
2015/03/02 11:21:34 ERROR IDC_WEB.HttpService  - System.Net.WebException: 远程服务器返回错误: (504) 网关超时。
   在 System.Net.HttpWebRequest.GetResponse()
   在 IDC_WEB.HttpService.InitializeJson(String url) 位置 C:\CarlSnow\Project\IDC_WEB\IDC_WEB\Service\HttpService.cs:行号 172
2015/03/02 11:21:34 ERROR IDC_WEB.HttpService  - System.Net.WebException: 远程服务器返回错误: (504) 网关超时。
   在 System.Net.HttpWebRequest.GetResponse()
   在 IDC_WEB.HttpService.InitializeJson(String url) 位置 C:\CarlSnow\Project\IDC_WEB\IDC_WEB\Service\HttpService.cs:行号 172
2015/03/02 11:21:34 ERROR IDC_WEB.HttpService  - System.NullReferenceException: 未将对象引用设置到对象的实例。
   在 IDC_WEB.HttpService.InitializeBaseRealInfoTask(SingleBaseDataObject sinleBaseDataObj) 位置 C:\CarlSnow\Project\IDC_WEB\IDC_WEB\Service\HttpService.cs:行号 316
2015/03/02 11:21:34 ERROR IDC_WEB.HttpService  - System.NullReferenceException: 未将对象引用设置到对象的实例。
   在 IDC_WEB.HttpService.InitializeBaseRealInfoTask(SingleBaseDataObject sinleBaseDataObj) 位置 C:\CarlSnow\Project\IDC_WEB\IDC_WEB\Service\HttpService.cs:行号 316
2015/03/02 11:21:35 ERROR IDC_WEB.HttpService  - System.Net.WebException: 远程服务器返回错误: (504) 网关超时。
   在 System.Net.HttpWebRequest.GetResponse()
   在 IDC_WEB.HttpService.InitializeJson(String url) 位置 C:\CarlSnow\Project\IDC_WEB\IDC_WEB\Service\HttpService.cs:行号 172
2015/03/02 11:21:35 ERROR IDC_WEB.HttpService  - System.NullReferenceException: 未将对象引用设置到对象的实例。
   在 IDC_WEB.HttpService.InitializeBaseRealInfoTask(SingleBaseDataObject sinleBaseDataObj) 位置 C:\CarlSnow\Project\IDC_WEB\IDC_WEB\Service\HttpService.cs:行号 316
2015/03/02 11:21:35 ERROR IDC_WEB.HttpService  - System.Net.WebException: 远程服务器返回错误: (504) 网关超时。
   在 System.Net.HttpWebRequest.GetResponse()
   在 IDC_WEB.HttpService.InitializeJson(String url) 位置 C:\CarlSnow\Project\IDC_WEB\IDC_WEB\Service\HttpService.cs:行号 172
2015/03/02 11:21:35 ERROR IDC_WEB.HttpService  - System.NullReferenceException: 未将对象引用设置到对象的实例。
   在 IDC_WEB.HttpService.InitializeBaseRealInfoTask(SingleBaseDataObject sinleBaseDataObj) 位置 C:\CarlSnow\Project\IDC_WEB\IDC_WEB\Service\HttpService.cs:行号 316
2015/03/02 11:21:35 ERROR IDC_WEB.HttpService  - System.Net.WebException: 远程服务器返回错误: (504) 网关超时。
   在 System.Net.HttpWebRequest.GetResponse()
   在 IDC_WEB.HttpService.InitializeJson(String url) 位置 C:\CarlSnow\Project\IDC_WEB\IDC_WEB\Service\HttpService.cs:行号 172
2015/03/02 11:21:36 ERROR IDC_WEB.HttpService  - System.NullReferenceException: 未将对象引用设置到对象的实例。
   在 IDC_WEB.HttpService.InitializeBaseRealInfoTask(SingleBaseDataObject sinleBaseDataObj) 位置 C:\CarlSnow\Project\IDC_WEB\IDC_WEB\Service\HttpService.cs:行号 316
2015/03/02 11:21:36 ERROR IDC_WEB.HttpService  - System.Net.WebException: 远程服务器返回错误: (504) 网关超时。
   在 System.Net.HttpWebRequest.GetResponse()
   在 IDC_WEB.HttpService.InitializeJson(String url) 位置 C:\CarlSnow\Project\IDC_WEB\IDC_WEB\Service\HttpService.cs:行号 172
2015/03/02 11:21:36 ERROR IDC_WEB.HttpService  - System.NullReferenceException: 未将对象引用设置到对象的实例。
   在 IDC_WEB.HttpService.InitializeBaseRealInfoTask(SingleBaseDataObject sinleBaseDataObj) 位置 C:\CarlSnow\Project\IDC_WEB\IDC_WEB\Service\HttpService.cs:行号 316
2015/03/02 11:21:37 ERROR IDC_WEB.HttpService  - System.Net.WebException: 远程服务器返回错误: (504) 网关超时。
   在 System.Net.HttpWebRequest.GetResponse()
   在 IDC_WEB.HttpService.InitializeJson(String url) 位置 C:\CarlSnow\Project\IDC_WEB\IDC_WEB\Service\HttpService.cs:行号 172
2015/03/02 11:21:37 ERROR IDC_WEB.HttpService  - System.NullReferenceException: 未将对象引用设置到对象的实例。
   在 IDC_WEB.HttpService.InitializeBaseRealInfoTask(SingleBaseDataObject sinleBaseDataObj) 位置 C:\CarlSnow\Project\IDC_WEB\IDC_WEB\Service\HttpService.cs:行号 316
2015/03/02 11:21:38 ERROR IDC_WEB.HttpService  - System.Net.WebException: 远程服务器返回错误: (504) 网关超时。
   在 System.Net.HttpWebRequest.GetResponse()
   在 IDC_WEB.HttpService.InitializeJson(String url) 位置 C:\CarlSnow\Project\IDC_WEB\IDC_WEB\Service\HttpService.cs:行号 172
2015/03/02 11:21:38 ERROR IDC_WEB.HttpService  - System.NullReferenceException: 未将对象引用设置到对象的实例。
   在 IDC_WEB.HttpService.InitializeBaseRealInfoTask(SingleBaseDataObject sinleBaseDataObj) 位置 C:\CarlSnow\Project\IDC_WEB\IDC_WEB\Service\HttpService.cs:行号 316
2015/03/02 11:21:38 INFO  IDC_WEB.HttpService  - 后台数据刷新时间：10003
2015/03/02 11:21:38 ERROR IDC_WEB.HttpService  - System.Net.WebException: 远程服务器返回错误: (504) 网关超时。
   在 System.Net.HttpWebRequest.GetResponse()
   在 IDC_WEB.HttpService.InitializeJson(String url) 位置 C:\CarlSnow\Project\IDC_WEB\IDC_WEB\Service\HttpService.cs:行号 172
2015/03/02 11:21:38 ERROR IDC_WEB.HttpService  - System.NullReferenceException: 未将对象引用设置到对象的实例。
   在 IDC_WEB.HttpService.InitializeBaseRealInfoTask(SingleBaseDataObject sinleBaseDataObj) 位置 C:\CarlSnow\Project\IDC_WEB\IDC_WEB\Service\HttpService.cs:行号 316
2015/03/02 11:21:38 INFO  IDC_WEB.HttpService  - XZCE-End；耗时:50052；剩余线程数：13
2015/03/02 11:21:39 ERROR IDC_WEB.HttpService  - System.Net.WebException: 远程服务器返回错误: (504) 网关超时。
   在 System.Net.HttpWebRequest.GetResponse()
   在 IDC_WEB.HttpService.InitializeJson(String url) 位置 C:\CarlSnow\Project\IDC_WEB\IDC_WEB\Service\HttpService.cs:行号 172
2015/03/02 11:21:39 ERROR IDC_WEB.HttpService  - System.NullReferenceException: 未将对象引用设置到对象的实例。
   在 IDC_WEB.HttpService.InitializeBaseRealInfoTask(SingleBaseDataObject sinleBaseDataObj) 位置 C:\CarlSnow\Project\IDC_WEB\IDC_WEB\Service\HttpService.cs:行号 316
2015/03/02 11:21:40 ERROR IDC_WEB.HttpService  - System.Net.WebException: 远程服务器返回错误: (504) 网关超时。
   在 System.Net.HttpWebRequest.GetResponse()
   在 IDC_WEB.HttpService.InitializeJson(String url) 位置 C:\CarlSnow\Project\IDC_WEB\IDC_WEB\Service\HttpService.cs:行号 172
2015/03/02 11:21:40 ERROR IDC_WEB.HttpService  - System.NullReferenceException: 未将对象引用设置到对象的实例。
   在 IDC_WEB.HttpService.InitializeBaseRealInfoTask(SingleBaseDataObject sinleBaseDataObj) 位置 C:\CarlSnow\Project\IDC_WEB\IDC_WEB\Service\HttpService.cs:行号 316
2015/03/02 11:21:41 ERROR IDC_WEB.HttpService  - System.Net.WebException: 远程服务器返回错误: (504) 网关超时。
   在 System.Net.HttpWebRequest.GetResponse()
   在 IDC_WEB.HttpService.InitializeJson(String url) 位置 C:\CarlSnow\Project\IDC_WEB\IDC_WEB\Service\HttpService.cs:行号 172
2015/03/02 11:21:41 ERROR IDC_WEB.HttpService  - System.NullReferenceException: 未将对象引用设置到对象的实例。
   在 IDC_WEB.HttpService.InitializeBaseRealInfoTask(SingleBaseDataObject sinleBaseDataObj) 位置 C:\CarlSnow\Project\IDC_WEB\IDC_WEB\Service\HttpService.cs:行号 316
2015/03/02 11:21:42 ERROR IDC_WEB.HttpService  - System.Net.WebException: 远程服务器返回错误: (504) 网关超时。
   在 System.Net.HttpWebRequest.GetResponse()
   在 IDC_WEB.HttpService.InitializeJson(String url) 位置 C:\CarlSnow\Project\IDC_WEB\IDC_WEB\Service\HttpService.cs:行号 172
2015/03/02 11:21:42 ERROR IDC_WEB.HttpService  - System.Net.WebException: 远程服务器返回错误: (504) 网关超时。
   在 System.Net.HttpWebRequest.GetResponse()
   在 IDC_WEB.HttpService.InitializeJson(String url) 位置 C:\CarlSnow\Project\IDC_WEB\IDC_WEB\Service\HttpService.cs:行号 172
2015/03/02 11:21:42 ERROR IDC_WEB.HttpService  - System.Net.WebException: 远程服务器返回错误: (504) 网关超时。
   在 System.Net.HttpWebRequest.GetResponse()
   在 IDC_WEB.HttpService.InitializeJson(String url) 位置 C:\CarlSnow\Project\IDC_WEB\IDC_WEB\Service\HttpService.cs:行号 172
2015/03/02 11:21:42 ERROR IDC_WEB.HttpService  - System.Net.WebException: 远程服务器返回错误: (504) 网关超时。
   在 System.Net.HttpWebRequest.GetResponse()
   在 IDC_WEB.HttpService.InitializeJson(String url) 位置 C:\CarlSnow\Project\IDC_WEB\IDC_WEB\Service\HttpService.cs:行号 172
2015/03/02 11:21:42 ERROR IDC_WEB.HttpService  - System.Net.WebException: 远程服务器返回错误: (504) 网关超时。
   在 System.Net.HttpWebRequest.GetResponse()
   在 IDC_WEB.HttpService.InitializeJson(String url) 位置 C:\CarlSnow\Project\IDC_WEB\IDC_WEB\Service\HttpService.cs:行号 172
2015/03/02 11:21:42 ERROR IDC_WEB.HttpService  - System.Net.WebException: 远程服务器返回错误: (504) 网关超时。
   在 System.Net.HttpWebRequest.GetResponse()
   在 IDC_WEB.HttpService.InitializeJson(String url) 位置 C:\CarlSnow\Project\IDC_WEB\IDC_WEB\Service\HttpService.cs:行号 172
2015/03/02 11:21:42 ERROR IDC_WEB.HttpService  - System.Net.WebException: 远程服务器返回错误: (504) 网关超时。
   在 System.Net.HttpWebRequest.GetResponse()
   在 IDC_WEB.HttpService.InitializeJson(String url) 位置 C:\CarlSnow\Project\IDC_WEB\IDC_WEB\Service\HttpService.cs:行号 172
2015/03/02 11:21:42 ERROR IDC_WEB.HttpService  - System.Net.WebException: 远程服务器返回错误: (504) 网关超时。
   在 System.Net.HttpWebRequest.GetResponse()
   在 IDC_WEB.HttpService.InitializeJson(String url) 位置 C:\CarlSnow\Project\IDC_WEB\IDC_WEB\Service\HttpService.cs:行号 172
2015/03/02 11:21:42 ERROR IDC_WEB.HttpService  - System.Net.WebException: 远程服务器返回错误: (504) 网关超时。
   在 System.Net.HttpWebRequest.GetResponse()
   在 IDC_WEB.HttpService.InitializeJson(String url) 位置 C:\CarlSnow\Project\IDC_WEB\IDC_WEB\Service\HttpService.cs:行号 172
2015/03/02 11:21:42 ERROR IDC_WEB.HttpService  - System.NullReferenceException: 未将对象引用设置到对象的实例。
   在 IDC_WEB.HttpService.InitializeBaseRealInfoTask(SingleBaseDataObject sinleBaseDataObj) 位置 C:\CarlSnow\Project\IDC_WEB\IDC_WEB\Service\HttpService.cs:行号 316
2015/03/02 11:21:42 ERROR IDC_WEB.HttpService  - System.NullReferenceException: 未将对象引用设置到对象的实例。
   在 IDC_WEB.HttpService.InitializeBaseRealInfoTask(SingleBaseDataObject sinleBaseDataObj) 位置 C:\CarlSnow\Project\IDC_WEB\IDC_WEB\Service\HttpService.cs:行号 316
2015/03/02 11:21:42 INFO  IDC_WEB.HttpService  - NYMEX-End；耗时:13728；剩余线程数：12
2015/03/02 11:21:42 ERROR IDC_WEB.HttpService  - System.NullReferenceException: 未将对象引用设置到对象的实例。
   在 IDC_WEB.HttpService.InitializeBaseRealInfoTask(SingleBaseDataObject sinleBaseDataObj) 位置 C:\CarlSnow\Project\IDC_WEB\IDC_WEB\Service\HttpService.cs:行号 316
2015/03/02 11:21:42 INFO  IDC_WEB.HttpService  - LME-End；耗时:13729；剩余线程数：11
2015/03/02 11:21:42 ERROR IDC_WEB.HttpService  - System.NullReferenceException: 未将对象引用设置到对象的实例。
   在 IDC_WEB.HttpService.InitializeBaseRealInfoTask(SingleBaseDataObject sinleBaseDataObj) 位置 C:\CarlSnow\Project\IDC_WEB\IDC_WEB\Service\HttpService.cs:行号 316
2015/03/02 11:21:42 INFO  IDC_WEB.HttpService  - COMEX-End；耗时:13730；剩余线程数：10
2015/03/02 11:21:42 ERROR IDC_WEB.HttpService  - System.NullReferenceException: 未将对象引用设置到对象的实例。
   在 IDC_WEB.HttpService.InitializeBaseRealInfoTask(SingleBaseDataObject sinleBaseDataObj) 位置 C:\CarlSnow\Project\IDC_WEB\IDC_WEB\Service\HttpService.cs:行号 316
2015/03/02 11:21:42 ERROR IDC_WEB.HttpService  - System.NullReferenceException: 未将对象引用设置到对象的实例。
   在 IDC_WEB.HttpService.InitializeBaseRealInfoTask(SingleBaseDataObject sinleBaseDataObj) 位置 C:\CarlSnow\Project\IDC_WEB\IDC_WEB\Service\HttpService.cs:行号 316
2015/03/02 11:21:42 ERROR IDC_WEB.HttpService  - System.NullReferenceException: 未将对象引用设置到对象的实例。
   在 IDC_WEB.HttpService.InitializeBaseRealInfoTask(SingleBaseDataObject sinleBaseDataObj) 位置 C:\CarlSnow\Project\IDC_WEB\IDC_WEB\Service\HttpService.cs:行号 316
2015/03/02 11:21:42 INFO  IDC_WEB.HttpService  - CCFX-End；耗时:23748；剩余线程数：9
2015/03/02 11:21:42 INFO  IDC_WEB.HttpService  - A-End；耗时:53733；剩余线程数：8
2015/03/02 11:21:42 ERROR IDC_WEB.HttpService  - System.NullReferenceException: 未将对象引用设置到对象的实例。
   在 IDC_WEB.HttpService.InitializeBaseRealInfoTask(SingleBaseDataObject sinleBaseDataObj) 位置 C:\CarlSnow\Project\IDC_WEB\IDC_WEB\Service\HttpService.cs:行号 316
2015/03/02 11:21:42 ERROR IDC_WEB.HttpService  - System.NullReferenceException: 未将对象引用设置到对象的实例。
   在 IDC_WEB.HttpService.InitializeBaseRealInfoTask(SingleBaseDataObject sinleBaseDataObj) 位置 C:\CarlSnow\Project\IDC_WEB\IDC_WEB\Service\HttpService.cs:行号 316
2015/03/02 11:21:42 INFO  IDC_WEB.HttpService  - CBOT-End；耗时:13751；剩余线程数：7
2015/03/02 11:21:42 INFO  IDC_WEB.HttpService  - O-End；耗时:53664；剩余线程数：6
2015/03/02 11:21:46 ERROR IDC_WEB.HttpService  - System.Net.WebException: 远程服务器返回错误: (504) 网关超时。
   在 System.Net.HttpWebRequest.GetResponse()
   在 IDC_WEB.HttpService.InitializeJson(String url) 位置 C:\CarlSnow\Project\IDC_WEB\IDC_WEB\Service\HttpService.cs:行号 172
2015/03/02 11:21:46 ERROR IDC_WEB.HttpService  - System.NullReferenceException: 未将对象引用设置到对象的实例。
   在 IDC_WEB.HttpService.InitializeBaseRealInfoTask(SingleBaseDataObject sinleBaseDataObj) 位置 C:\CarlSnow\Project\IDC_WEB\IDC_WEB\Service\HttpService.cs:行号 316
2015/03/02 11:21:46 INFO  IDC_WEB.HttpService  - HK-End；耗时:57373；剩余线程数：5
2015/03/02 11:21:46 ERROR IDC_WEB.HttpService  - System.Net.WebException: 远程服务器返回错误: (504) 网关超时。
   在 System.Net.HttpWebRequest.GetResponse()
   在 IDC_WEB.HttpService.InitializeJson(String url) 位置 C:\CarlSnow\Project\IDC_WEB\IDC_WEB\Service\HttpService.cs:行号 172
2015/03/02 11:21:46 ERROR IDC_WEB.HttpService  - System.NullReferenceException: 未将对象引用设置到对象的实例。
   在 IDC_WEB.HttpService.InitializeBaseRealInfoTask(SingleBaseDataObject sinleBaseDataObj) 位置 C:\CarlSnow\Project\IDC_WEB\IDC_WEB\Service\HttpService.cs:行号 316
2015/03/02 11:21:47 ERROR IDC_WEB.HttpService  - System.Net.WebException: 远程服务器返回错误: (504) 网关超时。
   在 System.Net.HttpWebRequest.GetResponse()
   在 IDC_WEB.HttpService.InitializeJson(String url) 位置 C:\CarlSnow\Project\IDC_WEB\IDC_WEB\Service\HttpService.cs:行号 172
2015/03/02 11:21:47 ERROR IDC_WEB.HttpService  - System.NullReferenceException: 未将对象引用设置到对象的实例。
   在 IDC_WEB.HttpService.InitializeBaseRealInfoTask(SingleBaseDataObject sinleBaseDataObj) 位置 C:\CarlSnow\Project\IDC_WEB\IDC_WEB\Service\HttpService.cs:行号 316
2015/03/02 11:21:48 ERROR IDC_WEB.HttpService  - System.Net.WebException: 远程服务器返回错误: (504) 网关超时。
   在 System.Net.HttpWebRequest.GetResponse()
   在 IDC_WEB.HttpService.InitializeJson(String url) 位置 C:\CarlSnow\Project\IDC_WEB\IDC_WEB\Service\HttpService.cs:行号 172
2015/03/02 11:21:48 ERROR IDC_WEB.HttpService  - System.NullReferenceException: 未将对象引用设置到对象的实例。
   在 IDC_WEB.HttpService.InitializeBaseRealInfoTask(SingleBaseDataObject sinleBaseDataObj) 位置 C:\CarlSnow\Project\IDC_WEB\IDC_WEB\Service\HttpService.cs:行号 316
2015/03/02 11:21:48 INFO  IDC_WEB.HttpService  - XDCE-End；耗时:59866；剩余线程数：4
2015/03/02 11:21:48 INFO  IDC_WEB.HttpService  - 后台数据刷新时间：10009
2015/03/02 11:21:48 INFO  IDC_WEB.HttpService  - XDCE-Start
2015/03/02 11:21:48 INFO  IDC_WEB.HttpService  - XZCE-Start
2015/03/02 11:21:48 INFO  IDC_WEB.HttpService  - O-Start
2015/03/02 11:21:48 INFO  IDC_WEB.HttpService  - NYMEX-Start
2015/03/02 11:21:48 INFO  IDC_WEB.HttpService  - HK-Start
2015/03/02 11:21:48 INFO  IDC_WEB.HttpService  - LME-Start
2015/03/02 11:21:48 INFO  IDC_WEB.HttpService  - COMEX-Start
2015/03/02 11:21:48 INFO  IDC_WEB.HttpService  - CCFX-Start
2015/03/02 11:21:48 INFO  IDC_WEB.HttpService  - CBOT-Start
2015/03/02 11:21:48 INFO  IDC_WEB.HttpService  - A-Start
2015/03/02 11:21:52 ERROR IDC_WEB.HttpService  - System.Net.WebException: 远程服务器返回错误: (504) 网关超时。
   在 System.Net.HttpWebRequest.GetResponse()
   在 IDC_WEB.HttpService.InitializeJson(String url) 位置 C:\CarlSnow\Project\IDC_WEB\IDC_WEB\Service\HttpService.cs:行号 172
2015/03/02 11:21:52 ERROR IDC_WEB.HttpService  - System.NullReferenceException: 未将对象引用设置到对象的实例。
   在 IDC_WEB.HttpService.InitializeBaseRealInfoTask(SingleBaseDataObject sinleBaseDataObj) 位置 C:\CarlSnow\Project\IDC_WEB\IDC_WEB\Service\HttpService.cs:行号 316
2015/03/02 11:21:52 INFO  IDC_WEB.HttpService  - N-End；耗时:63529；剩余线程数：13
2015/03/02 11:21:52 ERROR IDC_WEB.HttpService  - System.Net.WebException: 远程服务器返回错误: (504) 网关超时。
   在 System.Net.HttpWebRequest.GetResponse()
   在 IDC_WEB.HttpService.InitializeJson(String url) 位置 C:\CarlSnow\Project\IDC_WEB\IDC_WEB\Service\HttpService.cs:行号 172
2015/03/02 11:21:52 ERROR IDC_WEB.HttpService  - System.NullReferenceException: 未将对象引用设置到对象的实例。
   在 IDC_WEB.HttpService.InitializeBaseRealInfoTask(SingleBaseDataObject sinleBaseDataObj) 位置 C:\CarlSnow\Project\IDC_WEB\IDC_WEB\Service\HttpService.cs:行号 316
2015/03/02 11:21:52 INFO  IDC_WEB.HttpService  - XSGE-End；耗时:23795；剩余线程数：12
2015/03/02 11:21:56 ERROR IDC_WEB.HttpService  - System.Net.WebException: 远程服务器返回错误: (504) 网关超时。
   在 System.Net.HttpWebRequest.GetResponse()
   在 IDC_WEB.HttpService.InitializeJson(String url) 位置 C:\CarlSnow\Project\IDC_WEB\IDC_WEB\Service\HttpService.cs:行号 172
2015/03/02 11:21:56 ERROR IDC_WEB.HttpService  - System.Net.WebException: 远程服务器返回错误: (504) 网关超时。
   在 System.Net.HttpWebRequest.GetResponse()
   在 IDC_WEB.HttpService.InitializeJson(String url) 位置 C:\CarlSnow\Project\IDC_WEB\IDC_WEB\Service\HttpService.cs:行号 172
2015/03/02 11:21:56 ERROR IDC_WEB.HttpService  - System.Net.WebException: 远程服务器返回错误: (504) 网关超时。
   在 System.Net.HttpWebRequest.GetResponse()
   在 IDC_WEB.HttpService.InitializeJson(String url) 位置 C:\CarlSnow\Project\IDC_WEB\IDC_WEB\Service\HttpService.cs:行号 172
2015/03/02 11:21:56 ERROR IDC_WEB.HttpService  - System.NullReferenceException: 未将对象引用设置到对象的实例。
   在 IDC_WEB.HttpService.InitializeBaseRealInfoTask(SingleBaseDataObject sinleBaseDataObj) 位置 C:\CarlSnow\Project\IDC_WEB\IDC_WEB\Service\HttpService.cs:行号 316
2015/03/02 11:21:56 ERROR IDC_WEB.HttpService  - System.NullReferenceException: 未将对象引用设置到对象的实例。
   在 IDC_WEB.HttpService.InitializeBaseRealInfoTask(SingleBaseDataObject sinleBaseDataObj) 位置 C:\CarlSnow\Project\IDC_WEB\IDC_WEB\Service\HttpService.cs:行号 316
2015/03/02 11:21:56 ERROR IDC_WEB.HttpService  - System.NullReferenceException: 未将对象引用设置到对象的实例。
   在 IDC_WEB.HttpService.InitializeBaseRealInfoTask(SingleBaseDataObject sinleBaseDataObj) 位置 C:\CarlSnow\Project\IDC_WEB\IDC_WEB\Service\HttpService.cs:行号 316
2015/03/02 11:21:57 ERROR IDC_WEB.HttpService  - System.Net.WebException: 远程服务器返回错误: (504) 网关超时。
   在 System.Net.HttpWebRequest.GetResponse()
   在 IDC_WEB.HttpService.InitializeJson(String url) 位置 C:\CarlSnow\Project\IDC_WEB\IDC_WEB\Service\HttpService.cs:行号 172
2015/03/02 11:21:57 ERROR IDC_WEB.HttpService  - System.NullReferenceException: 未将对象引用设置到对象的实例。
   在 IDC_WEB.HttpService.InitializeBaseRealInfoTask(SingleBaseDataObject sinleBaseDataObj) 位置 C:\CarlSnow\Project\IDC_WEB\IDC_WEB\Service\HttpService.cs:行号 316
2015/03/02 11:21:58 INFO  IDC_WEB.HttpService  - 后台数据刷新时间：10021
2015/03/02 11:21:58 INFO  IDC_WEB.HttpService  - N-Start
2015/03/02 11:21:58 INFO  IDC_WEB.HttpService  - XSGE-Start
2015/03/02 11:21:58 ERROR IDC_WEB.HttpService  - System.Net.WebException: 远程服务器返回错误: (504) 网关超时。
   在 System.Net.HttpWebRequest.GetResponse()
   在 IDC_WEB.HttpService.InitializeJson(String url) 位置 C:\CarlSnow\Project\IDC_WEB\IDC_WEB\Service\HttpService.cs:行号 172
2015/03/02 11:21:58 ERROR IDC_WEB.HttpService  - System.Net.WebException: 远程服务器返回错误: (504) 网关超时。
   在 System.Net.HttpWebRequest.GetResponse()
   在 IDC_WEB.HttpService.InitializeJson(String url) 位置 C:\CarlSnow\Project\IDC_WEB\IDC_WEB\Service\HttpService.cs:行号 172
2015/03/02 11:21:58 ERROR IDC_WEB.HttpService  - System.Net.WebException: 远程服务器返回错误: (504) 网关超时。
   在 System.Net.HttpWebRequest.GetResponse()
   在 IDC_WEB.HttpService.InitializeJson(String url) 位置 C:\CarlSnow\Project\IDC_WEB\IDC_WEB\Service\HttpService.cs:行号 172
2015/03/02 11:21:58 ERROR IDC_WEB.HttpService  - System.Net.WebException: 远程服务器返回错误: (504) 网关超时。
   在 System.Net.HttpWebRequest.GetResponse()
   在 IDC_WEB.HttpService.InitializeJson(String url) 位置 C:\CarlSnow\Project\IDC_WEB\IDC_WEB\Service\HttpService.cs:行号 172
2015/03/02 11:21:58 ERROR IDC_WEB.HttpService  - System.Net.WebException: 远程服务器返回错误: (504) 网关超时。
   在 System.Net.HttpWebRequest.GetResponse()
   在 IDC_WEB.HttpService.InitializeJson(String url) 位置 C:\CarlSnow\Project\IDC_WEB\IDC_WEB\Service\HttpService.cs:行号 172
2015/03/02 11:21:58 ERROR IDC_WEB.HttpService  - System.Net.WebException: 远程服务器返回错误: (504) 网关超时。
   在 System.Net.HttpWebRequest.GetResponse()
   在 IDC_WEB.HttpService.InitializeJson(String url) 位置 C:\CarlSnow\Project\IDC_WEB\IDC_WEB\Service\HttpService.cs:行号 172
2015/03/02 11:21:58 ERROR IDC_WEB.HttpService  - System.Net.WebException: 远程服务器返回错误: (504) 网关超时。
   在 System.Net.HttpWebRequest.GetResponse()
   在 IDC_WEB.HttpService.InitializeJson(String url) 位置 C:\CarlSnow\Project\IDC_WEB\IDC_WEB\Service\HttpService.cs:行号 172
2015/03/02 11:21:58 ERROR IDC_WEB.HttpService  - System.Net.WebException: 远程服务器返回错误: (504) 网关超时。
   在 System.Net.HttpWebRequest.GetResponse()
   在 IDC_WEB.HttpService.InitializeJson(String url) 位置 C:\CarlSnow\Project\IDC_WEB\IDC_WEB\Service\HttpService.cs:行号 172
2015/03/02 11:21:58 ERROR IDC_WEB.HttpService  - System.Net.WebException: 远程服务器返回错误: (504) 网关超时。
   在 System.Net.HttpWebRequest.GetResponse()
   在 IDC_WEB.HttpService.InitializeJson(String url) 位置 C:\CarlSnow\Project\IDC_WEB\IDC_WEB\Service\HttpService.cs:行号 172
2015/03/02 11:21:58 ERROR IDC_WEB.HttpService  - System.Net.WebException: 远程服务器返回错误: (504) 网关超时。
   在 System.Net.HttpWebRequest.GetResponse()
   在 IDC_WEB.HttpService.InitializeJson(String url) 位置 C:\CarlSnow\Project\IDC_WEB\IDC_WEB\Service\HttpService.cs:行号 172
2015/03/02 11:21:58 ERROR IDC_WEB.HttpService  - System.Net.WebException: 远程服务器返回错误: (504) 网关超时。
   在 System.Net.HttpWebRequest.GetResponse()
   在 IDC_WEB.HttpService.InitializeJson(String url) 位置 C:\CarlSnow\Project\IDC_WEB\IDC_WEB\Service\HttpService.cs:行号 172
2015/03/02 11:21:58 ERROR IDC_WEB.HttpService  - System.NullReferenceException: 未将对象引用设置到对象的实例。
   在 IDC_WEB.HttpService.InitializeBaseRealInfoTask(SingleBaseDataObject sinleBaseDataObj) 位置 C:\CarlSnow\Project\IDC_WEB\IDC_WEB\Service\HttpService.cs:行号 316
2015/03/02 11:21:58 ERROR IDC_WEB.HttpService  - System.NullReferenceException: 未将对象引用设置到对象的实例。
   在 IDC_WEB.HttpService.InitializeBaseRealInfoTask(SingleBaseDataObject sinleBaseDataObj) 位置 C:\CarlSnow\Project\IDC_WEB\IDC_WEB\Service\HttpService.cs:行号 316
2015/03/02 11:21:58 ERROR IDC_WEB.HttpService  - System.NullReferenceException: 未将对象引用设置到对象的实例。
   在 IDC_WEB.HttpService.InitializeBaseRealInfoTask(SingleBaseDataObject sinleBaseDataObj) 位置 C:\CarlSnow\Project\IDC_WEB\IDC_WEB\Service\HttpService.cs:行号 316
2015/03/02 11:21:58 ERROR IDC_WEB.HttpService  - System.NullReferenceException: 未将对象引用设置到对象的实例。
   在 IDC_WEB.HttpService.InitializeBaseRealInfoTask(SingleBaseDataObject sinleBaseDataObj) 位置 C:\CarlSnow\Project\IDC_WEB\IDC_WEB\Service\HttpService.cs:行号 316
2015/03/02 11:21:58 INFO  IDC_WEB.HttpService  - CBOT-End；耗时:10273；剩余线程数：13
2015/03/02 11:21:58 ERROR IDC_WEB.HttpService  - System.NullReferenceException: 未将对象引用设置到对象的实例。
   在 IDC_WEB.HttpService.InitializeBaseRealInfoTask(SingleBaseDataObject sinleBaseDataObj) 位置 C:\CarlSnow\Project\IDC_WEB\IDC_WEB\Service\HttpService.cs:行号 316
2015/03/02 11:21:58 ERROR IDC_WEB.HttpService  - System.NullReferenceException: 未将对象引用设置到对象的实例。
   在 IDC_WEB.HttpService.InitializeBaseRealInfoTask(SingleBaseDataObject sinleBaseDataObj) 位置 C:\CarlSnow\Project\IDC_WEB\IDC_WEB\Service\HttpService.cs:行号 316
2015/03/02 11:21:58 ERROR IDC_WEB.HttpService  - System.NullReferenceException: 未将对象引用设置到对象的实例。
   在 IDC_WEB.HttpService.InitializeBaseRealInfoTask(SingleBaseDataObject sinleBaseDataObj) 位置 C:\CarlSnow\Project\IDC_WEB\IDC_WEB\Service\HttpService.cs:行号 316
2015/03/02 11:21:58 ERROR IDC_WEB.HttpService  - System.NullReferenceException: 未将对象引用设置到对象的实例。
   在 IDC_WEB.HttpService.InitializeBaseRealInfoTask(SingleBaseDataObject sinleBaseDataObj) 位置 C:\CarlSnow\Project\IDC_WEB\IDC_WEB\Service\HttpService.cs:行号 316
2015/03/02 11:21:58 INFO  IDC_WEB.HttpService  - COMEX-End；耗时:10296；剩余线程数：12
2015/03/02 11:21:58 ERROR IDC_WEB.HttpService  - System.NullReferenceException: 未将对象引用设置到对象的实例。
   在 IDC_WEB.HttpService.InitializeBaseRealInfoTask(SingleBaseDataObject sinleBaseDataObj) 位置 C:\CarlSnow\Project\IDC_WEB\IDC_WEB\Service\HttpService.cs:行号 316
2015/03/02 11:21:58 INFO  IDC_WEB.HttpService  - LME-End；耗时:10296；剩余线程数：11
2015/03/02 11:21:58 ERROR IDC_WEB.HttpService  - System.NullReferenceException: 未将对象引用设置到对象的实例。
   在 IDC_WEB.HttpService.InitializeBaseRealInfoTask(SingleBaseDataObject sinleBaseDataObj) 位置 C:\CarlSnow\Project\IDC_WEB\IDC_WEB\Service\HttpService.cs:行号 316
2015/03/02 11:21:58 INFO  IDC_WEB.HttpService  - NYMEX-End；耗时:10297；剩余线程数：10
2015/03/02 11:21:58 ERROR IDC_WEB.HttpService  - System.NullReferenceException: 未将对象引用设置到对象的实例。
   在 IDC_WEB.HttpService.InitializeBaseRealInfoTask(SingleBaseDataObject sinleBaseDataObj) 位置 C:\CarlSnow\Project\IDC_WEB\IDC_WEB\Service\HttpService.cs:行号 316
2015/03/02 11:22:06 ERROR IDC_WEB.HttpService  - System.Net.WebException: 远程服务器返回错误: (504) 网关超时。
   在 System.Net.HttpWebRequest.GetResponse()
   在 IDC_WEB.HttpService.InitializeJson(String url) 位置 C:\CarlSnow\Project\IDC_WEB\IDC_WEB\Service\HttpService.cs:行号 172
2015/03/02 11:22:06 ERROR IDC_WEB.HttpService  - System.NullReferenceException: 未将对象引用设置到对象的实例。
   在 IDC_WEB.HttpService.InitializeBaseRealInfoTask(SingleBaseDataObject sinleBaseDataObj) 位置 C:\CarlSnow\Project\IDC_WEB\IDC_WEB\Service\HttpService.cs:行号 316
2015/03/02 11:22:07 ERROR IDC_WEB.HttpService  - System.Net.WebException: 远程服务器返回错误: (504) 网关超时。
   在 System.Net.HttpWebRequest.GetResponse()
   在 IDC_WEB.HttpService.InitializeJson(String url) 位置 C:\CarlSnow\Project\IDC_WEB\IDC_WEB\Service\HttpService.cs:行号 172
2015/03/02 11:22:07 ERROR IDC_WEB.HttpService  - System.NullReferenceException: 未将对象引用设置到对象的实例。
   在 IDC_WEB.HttpService.InitializeBaseRealInfoTask(SingleBaseDataObject sinleBaseDataObj) 位置 C:\CarlSnow\Project\IDC_WEB\IDC_WEB\Service\HttpService.cs:行号 316
2015/03/02 11:22:08 ERROR IDC_WEB.HttpService  - System.Net.WebException: 远程服务器返回错误: (504) 网关超时。
   在 System.Net.HttpWebRequest.GetResponse()
   在 IDC_WEB.HttpService.InitializeJson(String url) 位置 C:\CarlSnow\Project\IDC_WEB\IDC_WEB\Service\HttpService.cs:行号 172
2015/03/02 11:22:08 ERROR IDC_WEB.HttpService  - System.Net.WebException: 远程服务器返回错误: (504) 网关超时。
   在 System.Net.HttpWebRequest.GetResponse()
   在 IDC_WEB.HttpService.InitializeJson(String url) 位置 C:\CarlSnow\Project\IDC_WEB\IDC_WEB\Service\HttpService.cs:行号 172
2015/03/02 11:22:08 ERROR IDC_WEB.HttpService  - System.NullReferenceException: 未将对象引用设置到对象的实例。
   在 IDC_WEB.HttpService.InitializeBaseRealInfoTask(SingleBaseDataObject sinleBaseDataObj) 位置 C:\CarlSnow\Project\IDC_WEB\IDC_WEB\Service\HttpService.cs:行号 316
2015/03/02 11:22:08 ERROR IDC_WEB.HttpService  - System.NullReferenceException: 未将对象引用设置到对象的实例。
   在 IDC_WEB.HttpService.InitializeBaseRealInfoTask(SingleBaseDataObject sinleBaseDataObj) 位置 C:\CarlSnow\Project\IDC_WEB\IDC_WEB\Service\HttpService.cs:行号 316
2015/03/02 11:22:08 INFO  IDC_WEB.HttpService  - 后台数据刷新时间：10001
2015/03/02 11:22:08 INFO  IDC_WEB.HttpService  - COMEX-Start
2015/03/02 11:22:08 INFO  IDC_WEB.HttpService  - LME-Start
2015/03/02 11:22:08 INFO  IDC_WEB.HttpService  - NYMEX-Start
2015/03/02 11:22:08 INFO  IDC_WEB.HttpService  - CBOT-Start
2015/03/02 11:22:08 ERROR IDC_WEB.HttpService  - System.Net.WebException: 远程服务器返回错误: (504) 网关超时。
   在 System.Net.HttpWebRequest.GetResponse()
   在 IDC_WEB.HttpService.InitializeJson(String url) 位置 C:\CarlSnow\Project\IDC_WEB\IDC_WEB\Service\HttpService.cs:行号 172
2015/03/02 11:22:08 ERROR IDC_WEB.HttpService  - System.Net.WebException: 远程服务器返回错误: (504) 网关超时。
   在 System.Net.HttpWebRequest.GetResponse()
   在 IDC_WEB.HttpService.InitializeJson(String url) 位置 C:\CarlSnow\Project\IDC_WEB\IDC_WEB\Service\HttpService.cs:行号 172
2015/03/02 11:22:08 ERROR IDC_WEB.HttpService  - System.Net.WebException: 远程服务器返回错误: (504) 网关超时。
   在 System.Net.HttpWebRequest.GetResponse()
   在 IDC_WEB.HttpService.InitializeJson(String url) 位置 C:\CarlSnow\Project\IDC_WEB\IDC_WEB\Service\HttpService.cs:行号 172
2015/03/02 11:22:08 ERROR IDC_WEB.HttpService  - System.Net.WebException: 远程服务器返回错误: (504) 网关超时。
   在 System.Net.HttpWebRequest.GetResponse()
   在 IDC_WEB.HttpService.InitializeJson(String url) 位置 C:\CarlSnow\Project\IDC_WEB\IDC_WEB\Service\HttpService.cs:行号 172
2015/03/02 11:22:08 ERROR IDC_WEB.HttpService  - System.Net.WebException: 远程服务器返回错误: (504) 网关超时。
   在 System.Net.HttpWebRequest.GetResponse()
   在 IDC_WEB.HttpService.InitializeJson(String url) 位置 C:\CarlSnow\Project\IDC_WEB\IDC_WEB\Service\HttpService.cs:行号 172
2015/03/02 11:22:08 ERROR IDC_WEB.HttpService  - System.Net.WebException: 远程服务器返回错误: (504) 网关超时。
   在 System.Net.HttpWebRequest.GetResponse()
   在 IDC_WEB.HttpService.InitializeJson(String url) 位置 C:\CarlSnow\Project\IDC_WEB\IDC_WEB\Service\HttpService.cs:行号 172
2015/03/02 11:22:08 ERROR IDC_WEB.HttpService  - System.Net.WebException: 远程服务器返回错误: (504) 网关超时。
   在 System.Net.HttpWebRequest.GetResponse()
   在 IDC_WEB.HttpService.InitializeJson(String url) 位置 C:\CarlSnow\Project\IDC_WEB\IDC_WEB\Service\HttpService.cs:行号 172
2015/03/02 11:22:08 ERROR IDC_WEB.HttpService  - System.Net.WebException: 远程服务器返回错误: (504) 网关超时。
   在 System.Net.HttpWebRequest.GetResponse()
   在 IDC_WEB.HttpService.InitializeJson(String url) 位置 C:\CarlSnow\Project\IDC_WEB\IDC_WEB\Service\HttpService.cs:行号 172
2015/03/02 11:22:09 ERROR IDC_WEB.HttpService  - System.NullReferenceException: 未将对象引用设置到对象的实例。
   在 IDC_WEB.HttpService.InitializeBaseRealInfoTask(SingleBaseDataObject sinleBaseDataObj) 位置 C:\CarlSnow\Project\IDC_WEB\IDC_WEB\Service\HttpService.cs:行号 316
2015/03/02 11:22:09 INFO  IDC_WEB.HttpService  - CCFX-End；耗时:20398；剩余线程数：13
2015/03/02 11:22:09 ERROR IDC_WEB.HttpService  - System.Net.WebException: 远程服务器返回错误: (504) 网关超时。
   在 System.Net.HttpWebRequest.GetResponse()
   在 IDC_WEB.HttpService.InitializeJson(String url) 位置 C:\CarlSnow\Project\IDC_WEB\IDC_WEB\Service\HttpService.cs:行号 172
2015/03/02 11:22:09 ERROR IDC_WEB.HttpService  - System.NullReferenceException: 未将对象引用设置到对象的实例。
   在 IDC_WEB.HttpService.InitializeBaseRealInfoTask(SingleBaseDataObject sinleBaseDataObj) 位置 C:\CarlSnow\Project\IDC_WEB\IDC_WEB\Service\HttpService.cs:行号 316
2015/03/02 11:22:09 ERROR IDC_WEB.HttpService  - System.NullReferenceException: 未将对象引用设置到对象的实例。
   在 IDC_WEB.HttpService.InitializeBaseRealInfoTask(SingleBaseDataObject sinleBaseDataObj) 位置 C:\CarlSnow\Project\IDC_WEB\IDC_WEB\Service\HttpService.cs:行号 316
2015/03/02 11:22:09 ERROR IDC_WEB.HttpService  - System.NullReferenceException: 未将对象引用设置到对象的实例。
   在 IDC_WEB.HttpService.InitializeBaseRealInfoTask(SingleBaseDataObject sinleBaseDataObj) 位置 C:\CarlSnow\Project\IDC_WEB\IDC_WEB\Service\HttpService.cs:行号 316
2015/03/02 11:22:09 ERROR IDC_WEB.HttpService  - System.NullReferenceException: 未将对象引用设置到对象的实例。
   在 IDC_WEB.HttpService.InitializeBaseRealInfoTask(SingleBaseDataObject sinleBaseDataObj) 位置 C:\CarlSnow\Project\IDC_WEB\IDC_WEB\Service\HttpService.cs:行号 316
2015/03/02 11:22:09 ERROR IDC_WEB.HttpService  - System.NullReferenceException: 未将对象引用设置到对象的实例。
   在 IDC_WEB.HttpService.InitializeBaseRealInfoTask(SingleBaseDataObject sinleBaseDataObj) 位置 C:\CarlSnow\Project\IDC_WEB\IDC_WEB\Service\HttpService.cs:行号 316
2015/03/02 11:22:09 ERROR IDC_WEB.HttpService  - System.NullReferenceException: 未将对象引用设置到对象的实例。
   在 IDC_WEB.HttpService.InitializeBaseRealInfoTask(SingleBaseDataObject sinleBaseDataObj) 位置 C:\CarlSnow\Project\IDC_WEB\IDC_WEB\Service\HttpService.cs:行号 316
2015/03/02 11:22:09 ERROR IDC_WEB.HttpService  - System.NullReferenceException: 未将对象引用设置到对象的实例。
   在 IDC_WEB.HttpService.InitializeBaseRealInfoTask(SingleBaseDataObject sinleBaseDataObj) 位置 C:\CarlSnow\Project\IDC_WEB\IDC_WEB\Service\HttpService.cs:行号 316
2015/03/02 11:22:09 ERROR IDC_WEB.HttpService  - System.Net.WebException: 远程服务器返回错误: (504) 网关超时。
   在 System.Net.HttpWebRequest.GetResponse()
   在 IDC_WEB.HttpService.InitializeJson(String url) 位置 C:\CarlSnow\Project\IDC_WEB\IDC_WEB\Service\HttpService.cs:行号 172
2015/03/02 11:22:09 ERROR IDC_WEB.HttpService  - System.Net.WebException: 远程服务器返回错误: (504) 网关超时。
   在 System.Net.HttpWebRequest.GetResponse()
   在 IDC_WEB.HttpService.InitializeJson(String url) 位置 C:\CarlSnow\Project\IDC_WEB\IDC_WEB\Service\HttpService.cs:行号 172
2015/03/02 11:22:09 ERROR IDC_WEB.HttpService  - System.Net.WebException: 远程服务器返回错误: (504) 网关超时。
   在 System.Net.HttpWebRequest.GetResponse()
   在 IDC_WEB.HttpService.InitializeJson(String url) 位置 C:\CarlSnow\Project\IDC_WEB\IDC_WEB\Service\HttpService.cs:行号 172
2015/03/02 11:22:09 ERROR IDC_WEB.HttpService  - System.Net.WebException: 远程服务器返回错误: (504) 网关超时。
   在 System.Net.HttpWebRequest.GetResponse()
   在 IDC_WEB.HttpService.InitializeJson(String url) 位置 C:\CarlSnow\Project\IDC_WEB\IDC_WEB\Service\HttpService.cs:行号 172
2015/03/02 11:22:09 ERROR IDC_WEB.HttpService  - System.NullReferenceException: 未将对象引用设置到对象的实例。
   在 IDC_WEB.HttpService.InitializeBaseRealInfoTask(SingleBaseDataObject sinleBaseDataObj) 位置 C:\CarlSnow\Project\IDC_WEB\IDC_WEB\Service\HttpService.cs:行号 316
2015/03/02 11:22:09 ERROR IDC_WEB.HttpService  - System.Net.WebException: 远程服务器返回错误: (504) 网关超时。
   在 System.Net.HttpWebRequest.GetResponse()
   在 IDC_WEB.HttpService.InitializeJson(String url) 位置 C:\CarlSnow\Project\IDC_WEB\IDC_WEB\Service\HttpService.cs:行号 172
2015/03/02 11:22:09 ERROR IDC_WEB.HttpService  - System.NullReferenceException: 未将对象引用设置到对象的实例。
   在 IDC_WEB.HttpService.InitializeBaseRealInfoTask(SingleBaseDataObject sinleBaseDataObj) 位置 C:\CarlSnow\Project\IDC_WEB\IDC_WEB\Service\HttpService.cs:行号 316
2015/03/02 11:22:09 ERROR IDC_WEB.HttpService  - System.NullReferenceException: 未将对象引用设置到对象的实例。
   在 IDC_WEB.HttpService.InitializeBaseRealInfoTask(SingleBaseDataObject sinleBaseDataObj) 位置 C:\CarlSnow\Project\IDC_WEB\IDC_WEB\Service\HttpService.cs:行号 316
2015/03/02 11:22:09 ERROR IDC_WEB.HttpService  - System.NullReferenceException: 未将对象引用设置到对象的实例。
   在 IDC_WEB.HttpService.InitializeBaseRealInfoTask(SingleBaseDataObject sinleBaseDataObj) 位置 C:\CarlSnow\Project\IDC_WEB\IDC_WEB\Service\HttpService.cs:行号 316
2015/03/02 11:22:09 ERROR IDC_WEB.HttpService  - System.NullReferenceException: 未将对象引用设置到对象的实例。
   在 IDC_WEB.HttpService.InitializeBaseRealInfoTask(SingleBaseDataObject sinleBaseDataObj) 位置 C:\CarlSnow\Project\IDC_WEB\IDC_WEB\Service\HttpService.cs:行号 316
2015/03/02 11:22:09 ERROR IDC_WEB.HttpService  - System.NullReferenceException: 未将对象引用设置到对象的实例。
   在 IDC_WEB.HttpService.InitializeBaseRealInfoTask(SingleBaseDataObject sinleBaseDataObj) 位置 C:\CarlSnow\Project\IDC_WEB\IDC_WEB\Service\HttpService.cs:行号 316
2015/03/02 11:24:26 ERROR IDC_WEB.HttpService  - System.Net.WebException: 远程服务器返回错误: (504) 网关超时。
   在 System.Net.HttpWebRequest.GetResponse()
   在 IDC_WEB.HttpService.InitializeJson(String url) 位置 C:\CarlSnow\Project\IDC_WEB\IDC_WEB\Service\HttpService.cs:行号 172
2015/03/02 11:24:26 ERROR IDC_WEB.HttpService  - MarketInfo:System.NullReferenceException: 未将对象引用设置到对象的实例。
   在 IDC_WEB.HttpService.InitializeBaseMarketInfo() 位置 C:\CarlSnow\Project\IDC_WEB\IDC_WEB\Service\HttpService.cs:行号 203
2015/03/02 11:24:26 INFO  IDC_WEB.HttpService  - A-Start
2015/03/02 11:24:26 INFO  IDC_WEB.HttpService  - CBOT-Start
2015/03/02 11:24:26 INFO  IDC_WEB.HttpService  - CCFX-Start
2015/03/02 11:24:26 INFO  IDC_WEB.HttpService  - COMEX-Start
2015/03/02 11:24:26 INFO  IDC_WEB.HttpService  - A-End；耗时:8；剩余线程数：13
2015/03/02 11:24:26 INFO  IDC_WEB.HttpService  - CBOT-End；耗时:8；剩余线程数：12
2015/03/02 11:24:26 INFO  IDC_WEB.HttpService  - COMEX-End；耗时:2；剩余线程数：11
2015/03/02 11:24:26 INFO  IDC_WEB.HttpService  - CCFX-End；耗时:5；剩余线程数：10
2015/03/02 11:24:26 INFO  IDC_WEB.HttpService  - LME-Start
2015/03/02 11:24:26 INFO  IDC_WEB.HttpService  - LME-End；耗时:0；剩余线程数：9
2015/03/02 11:24:26 INFO  IDC_WEB.HttpService  - HK-Start
2015/03/02 11:24:26 INFO  IDC_WEB.HttpService  - HK-End；耗时:0；剩余线程数：8
2015/03/02 11:24:26 INFO  IDC_WEB.HttpService  - N-Start
2015/03/02 11:24:26 INFO  IDC_WEB.HttpService  - N-End；耗时:0；剩余线程数：7
2015/03/02 11:24:26 INFO  IDC_WEB.HttpService  - NYMEX-Start
2015/03/02 11:24:26 INFO  IDC_WEB.HttpService  - NYMEX-End；耗时:0；剩余线程数：6
2015/03/02 11:24:26 INFO  IDC_WEB.HttpService  - O-Start
2015/03/02 11:24:26 INFO  IDC_WEB.HttpService  - O-End；耗时:0；剩余线程数：5
2015/03/02 11:24:26 INFO  IDC_WEB.HttpService  - SS-Start
2015/03/02 11:24:26 INFO  IDC_WEB.HttpService  - SS-End；耗时:0；剩余线程数：4
2015/03/02 11:24:26 INFO  IDC_WEB.HttpService  - SZ-Start
2015/03/02 11:24:26 INFO  IDC_WEB.HttpService  - SZ-End；耗时:0；剩余线程数：3
2015/03/02 11:24:26 INFO  IDC_WEB.HttpService  - XDCE-Start
2015/03/02 11:24:26 INFO  IDC_WEB.HttpService  - XDCE-End；耗时:0；剩余线程数：2
2015/03/02 11:24:26 INFO  IDC_WEB.HttpService  - XSGE-Start
2015/03/02 11:24:26 INFO  IDC_WEB.HttpService  - XSGE-End；耗时:0；剩余线程数：1
2015/03/02 11:24:26 INFO  IDC_WEB.HttpService  - XZCE-Start
2015/03/02 11:24:26 INFO  IDC_WEB.HttpService  - XZCE-End；耗时:0；剩余线程数：0
2015/03/02 11:24:26 INFO  IDC_WEB.HttpService  - 后台数据刷新时间：50
2015/03/02 11:24:36 INFO  IDC_WEB.HttpService  - CCFX-Start
2015/03/02 11:24:36 INFO  IDC_WEB.HttpService  - LME-Start
2015/03/02 11:24:36 INFO  IDC_WEB.HttpService  - O-Start
2015/03/02 11:24:36 INFO  IDC_WEB.HttpService  - XSGE-Start
2015/03/02 11:24:36 INFO  IDC_WEB.HttpService  - COMEX-Start
2015/03/02 11:24:36 INFO  IDC_WEB.HttpService  - COMEX-End；耗时:0；剩余线程数：9
2015/03/02 11:24:36 INFO  IDC_WEB.HttpService  - NYMEX-Start
2015/03/02 11:24:36 INFO  IDC_WEB.HttpService  - NYMEX-End；耗时:0；剩余线程数：8
2015/03/02 11:24:36 INFO  IDC_WEB.HttpService  - HK-Start
2015/03/02 11:24:36 INFO  IDC_WEB.HttpService  - HK-End；耗时:0；剩余线程数：7
2015/03/02 11:24:36 INFO  IDC_WEB.HttpService  - SS-Start
2015/03/02 11:24:36 INFO  IDC_WEB.HttpService  - SS-End；耗时:0；剩余线程数：6
2015/03/02 11:24:36 INFO  IDC_WEB.HttpService  - XSGE-End；耗时:0；剩余线程数：10
2015/03/02 11:24:36 INFO  IDC_WEB.HttpService  - XDCE-Start
2015/03/02 11:24:36 INFO  IDC_WEB.HttpService  - XDCE-End；耗时:0；剩余线程数：5
2015/03/02 11:24:36 INFO  IDC_WEB.HttpService  - A-Start
2015/03/02 11:24:36 INFO  IDC_WEB.HttpService  - CBOT-Start
2015/03/02 11:24:36 INFO  IDC_WEB.HttpService  - CBOT-End；耗时:0；剩余线程数：3
2015/03/02 11:24:36 INFO  IDC_WEB.HttpService  - A-End；耗时:0；剩余线程数：4
2015/03/02 11:24:36 INFO  IDC_WEB.HttpService  - XZCE-Start
2015/03/02 11:24:36 INFO  IDC_WEB.HttpService  - XZCE-End；耗时:0；剩余线程数：2
2015/03/02 11:24:36 INFO  IDC_WEB.HttpService  - O-End；耗时:0；剩余线程数：11
2015/03/02 11:24:36 INFO  IDC_WEB.HttpService  - LME-End；耗时:0；剩余线程数：12
2015/03/02 11:24:36 INFO  IDC_WEB.HttpService  - CCFX-End；耗时:0；剩余线程数：13
2015/03/02 11:24:46 INFO  IDC_WEB.HttpService  - 后台数据刷新时间：9996
2015/03/02 11:24:46 INFO  IDC_WEB.HttpService  - A-Start
2015/03/02 11:24:46 INFO  IDC_WEB.HttpService  - A-End；耗时:0；剩余线程数：13
2015/03/02 11:24:56 INFO  IDC_WEB.HttpService  - 后台数据刷新时间：10002
2015/03/02 11:24:56 INFO  IDC_WEB.HttpService  - A-Start
2015/03/02 11:24:56 INFO  IDC_WEB.HttpService  - A-End；耗时:0；剩余线程数：13
2015/03/02 11:25:45 ERROR IDC_WEB.OAuthService  - 远程服务器返回错误: (500) 内部服务器错误。
2015/03/02 11:25:45 ERROR IDC_WEB.HttpService  - System.Net.WebException: 远程服务器返回错误: (400) 错误的请求。
   在 System.Net.HttpWebRequest.GetResponse()
   在 IDC_WEB.HttpService.InitializeJson(String url) 位置 C:\CarlSnow\Project\IDC_WEB\IDC_WEB\Service\HttpService.cs:行号 172
2015/03/02 11:25:45 ERROR IDC_WEB.HttpService  - MarketInfo:System.NullReferenceException: 未将对象引用设置到对象的实例。
   在 IDC_WEB.HttpService.InitializeBaseMarketInfo() 位置 C:\CarlSnow\Project\IDC_WEB\IDC_WEB\Service\HttpService.cs:行号 203
2015/03/02 11:25:45 INFO  IDC_WEB.HttpService  - A-Start
2015/03/02 11:25:45 INFO  IDC_WEB.HttpService  - CBOT-Start
2015/03/02 11:25:45 INFO  IDC_WEB.HttpService  - A-End；耗时:4；剩余线程数：13
2015/03/02 11:25:45 INFO  IDC_WEB.HttpService  - CBOT-End；耗时:3；剩余线程数：12
2015/03/02 11:25:45 INFO  IDC_WEB.HttpService  - CCFX-Start
2015/03/02 11:25:45 INFO  IDC_WEB.HttpService  - CCFX-End；耗时:0；剩余线程数：11
2015/03/02 11:25:45 INFO  IDC_WEB.HttpService  - COMEX-Start
2015/03/02 11:25:45 INFO  IDC_WEB.HttpService  - COMEX-End；耗时:0；剩余线程数：10
2015/03/02 11:25:45 INFO  IDC_WEB.HttpService  - LME-Start
2015/03/02 11:25:45 INFO  IDC_WEB.HttpService  - LME-End；耗时:0；剩余线程数：9
2015/03/02 11:25:45 INFO  IDC_WEB.HttpService  - HK-Start
2015/03/02 11:25:45 INFO  IDC_WEB.HttpService  - HK-End；耗时:0；剩余线程数：8
2015/03/02 11:25:45 INFO  IDC_WEB.HttpService  - N-Start
2015/03/02 11:25:45 INFO  IDC_WEB.HttpService  - N-End；耗时:0；剩余线程数：7
2015/03/02 11:25:45 INFO  IDC_WEB.HttpService  - NYMEX-Start
2015/03/02 11:25:45 INFO  IDC_WEB.HttpService  - NYMEX-End；耗时:0；剩余线程数：6
2015/03/02 11:25:45 INFO  IDC_WEB.HttpService  - O-Start
2015/03/02 11:25:45 INFO  IDC_WEB.HttpService  - O-End；耗时:0；剩余线程数：5
2015/03/02 11:25:45 INFO  IDC_WEB.HttpService  - SS-Start
2015/03/02 11:25:45 INFO  IDC_WEB.HttpService  - SS-End；耗时:0；剩余线程数：4
2015/03/02 11:25:45 INFO  IDC_WEB.HttpService  - SZ-Start
2015/03/02 11:25:45 INFO  IDC_WEB.HttpService  - SZ-End；耗时:0；剩余线程数：3
2015/03/02 11:25:45 INFO  IDC_WEB.HttpService  - XDCE-Start
2015/03/02 11:25:45 INFO  IDC_WEB.HttpService  - XDCE-End；耗时:0；剩余线程数：2
2015/03/02 11:25:45 INFO  IDC_WEB.HttpService  - XSGE-Start
2015/03/02 11:25:45 INFO  IDC_WEB.HttpService  - XSGE-End；耗时:0；剩余线程数：1
2015/03/02 11:25:45 INFO  IDC_WEB.HttpService  - XZCE-Start
2015/03/02 11:25:45 INFO  IDC_WEB.HttpService  - XZCE-End；耗时:0；剩余线程数：0
2015/03/02 11:25:45 INFO  IDC_WEB.HttpService  - 后台数据刷新时间：49
2015/03/02 11:25:55 INFO  IDC_WEB.HttpService  - A-Start
2015/03/02 11:25:55 INFO  IDC_WEB.HttpService  - A-End；耗时:0；剩余线程数：13
2015/03/02 11:26:05 INFO  IDC_WEB.HttpService  - 后台数据刷新时间：10008
2015/03/02 11:26:05 INFO  IDC_WEB.HttpService  - A-Start
2015/03/02 11:26:05 INFO  IDC_WEB.HttpService  - A-End；耗时:0；剩余线程数：13
2015/03/02 11:26:15 INFO  IDC_WEB.HttpService  - 后台数据刷新时间：10007
2015/03/02 11:26:15 INFO  IDC_WEB.HttpService  - A-Start
2015/03/02 11:26:15 INFO  IDC_WEB.HttpService  - A-End；耗时:0；剩余线程数：13
2015/03/02 11:26:25 INFO  IDC_WEB.HttpService  - 后台数据刷新时间：10001
2015/03/02 11:26:25 INFO  IDC_WEB.HttpService  - COMEX-Start
2015/03/02 11:26:25 INFO  IDC_WEB.HttpService  - N-Start
2015/03/02 11:26:25 INFO  IDC_WEB.HttpService  - CCFX-Start
2015/03/02 11:26:25 INFO  IDC_WEB.HttpService  - N-End；耗时:0；剩余线程数：12
2015/03/02 11:26:25 INFO  IDC_WEB.HttpService  - CCFX-End；耗时:0；剩余线程数：11
2015/03/02 11:26:25 INFO  IDC_WEB.HttpService  - COMEX-End；耗时:0；剩余线程数：13
2015/03/02 11:26:35 INFO  IDC_WEB.HttpService  - 后台数据刷新时间：10013
2015/03/02 11:26:35 INFO  IDC_WEB.HttpService  - A-Start
2015/03/02 11:26:35 INFO  IDC_WEB.HttpService  - A-End；耗时:0；剩余线程数：13
